;LAP Right System Tunnel Orifice Flow Temperatures (R)
#I=0,130,1; Launch_Vehicle_Multi_Cavity_Launch_to_Seperation_Venting_Analysis_vent_g4c.vsm C:\0_afc_work\Launch_Vehicle_Multi_Cavity_Launch_to_Seperation_Venting_Analysis_using_VISSIM\VISSIM\0_tmp\Launch_Vehicle_Multi_Cavity_Launch_to_Seperation_Venting_Analysis_vent_g4c.vsm @ Mon Oct 29 08:29:54 2018
0	568.14	597.4	568.14	568.14	568.14	515	515
1	563.12	588.77	563.12	563.12	563.12	631.32	706.27
2	558.1	580.15	558.1	558.1	558.1	711.64	792.09
3	553.07	571.52	553.07	553.07	553.07	750.15	809.55
4	548.05	562.9	548.05	548.05	548.05	763.13	807.23
5	543.03	554.27	543.03	543.03	543.03	764.02	800.24
6	537.63	548.9	537.63	537.63	537.63	759.88	792.53
7	532.24	543.52	532.24	532.24	532.24	753.78	784.86
8	526.84	538.15	526.84	526.84	526.84	746.88	777.21
9	521.45	532.77	521.45	521.45	521.45	739.66	769.56
10	516.05	527.4	516.05	516.05	516.05	732.31	761.91
11	514.78	525.56	514.78	514.78	514.78	726.72	756.85
12	513.51	523.73	513.51	513.51	513.51	723.27	754.1
13	512.24	521.89	512.24	512.24	512.24	720.72	751.91
14	510.97	520.06	510.97	510.97	510.97	718.54	749.86
15	509.7	518.22	509.7	509.7	509.7	716.52	747.84
16	509.07	517.22	509.07	509.07	509.07	714.87	746.28
17	508.44	516.22	508.44	508.44	508.44	713.61	745.12
18	507.8	515.22	507.8	507.8	507.8	712.52	744.05
19	507.17	514.22	507.17	507.17	507.17	711.5	743.02
20	506.54	513.22	506.54	506.54	506.54	710.51	741.99
21	505.9	512.34	505.9	505.9	505.9	709.56	741.14
22	505.26	511.47	505.26	505.26	505.26	708.61	740.18
23	504.62	510.59	504.62	504.62	504.62	707.66	739.2
24	503.98	509.72	503.98	503.98	503.98	706.71	738.21
25	503.34	508.84	503.34	503.34	503.34	705.75	737.21
26	502.79	508.12	502.79	502.79	502.79	704.85	736.29
27	502.25	507.4	502.25	502.25	502.25	704	735.43
28	501.7	506.69	501.7	501.7	501.7	703.17	734.59
29	501.16	505.97	501.16	501.16	501.16	702.36	733.75
30	500.61	505.25	500.61	500.61	500.61	701.55	732.92
31	500.18	504.71	500.18	500.18	500.18	700.79	732.17
32	499.75	504.18	499.75	499.75	499.75	700.11	731.49
33	499.32	503.64	499.32	499.32	499.32	699.45	730.84
34	498.89	503.11	498.89	498.89	498.89	698.81	730.19
35	498.46	502.57	498.46	498.46	498.46	698.18	729.55
36	498.07	502.09	498.07	498.07	498.07	697.56	728.93
37	497.68	501.61	497.68	497.68	497.68	696.97	728.35
38	497.29	501.14	497.29	497.29	497.29	696.39	727.76
39	496.9	500.66	496.9	496.9	496.9	695.81	727.18
40	496.51	500.18	496.51	496.51	496.51	695.24	726.61
41	496.76	500.38	496.76	496.76	496.76	694.94	726.44
42	497.01	500.58	497.01	497.01	497.01	694.98	726.65
43	497.25	500.79	497.25	497.25	497.25	695.17	726.97
44	497.5	500.99	497.5	497.5	497.5	695.43	727.31
45	497.75	501.19	497.75	497.75	497.75	695.72	727.66
46	498.04	501.44	498.04	498.04	498.04	696.05	728.05
47	498.33	501.69	498.33	498.33	498.33	696.39	728.46
48	498.62	501.95	498.62	498.62	498.62	696.75	728.88
49	498.91	502.2	498.91	498.91	498.91	697.12	729.3
50	499.2	502.45	499.2	499.2	499.2	697.48	729.73
51	500.83	504.14	500.83	500.83	500.83	698.39	731.02
52	502.46	505.83	502.46	502.46	502.46	700.01	733.11
53	504.1	507.52	504.1	504.1	504.1	701.93	735.42
54	505.73	509.21	505.73	505.73	505.73	703.73	738.17
55	507.36	510.9	507.36	507.36	507.36	705.75	738.94
56	509.03	512.64	509.03	509.03	509.03	707.91	739.6
57	510.7	514.39	510.7	510.7	510.7	710.2	740.55
58	512.36	516.13	512.36	512.36	512.36	712.51	742.57
59	514.03	517.88	514.03	514.03	514.03	714.83	744.85
60	515.7	519.62	515.7	515.7	515.7	717.17	747.19
61	518.3	522.26	518.3	518.3	518.3	719.88	750.15
62	520.9	524.89	520.9	520.9	520.9	723.07	753.65
63	523.49	527.53	523.49	523.49	523.49	726.95	757.28
64	526.09	530.16	526.09	526.09	526.09	730.89	760.94
65	528.69	532.8	528.69	528.69	528.69	734.69	764.6
66	531.29	535.44	531.29	531.29	531.29	738.44	768.27
67	533.9	538.08	533.9	533.9	533.9	742.16	771.92
68	536.5	540.73	536.5	536.5	536.5	745.86	775.57
69	539.11	543.37	539.11	539.11	539.11	749.57	779.21
70	541.71	546.01	541.71	541.71	541.71	753.27	782.83
71	548.46	552.82	548.46	548.46	548.46	758.77	789.21
72	555.21	559.62	555.21	555.21	555.21	766.54	797.99
73	561.96	566.43	561.96	561.96	561.96	775.37	807.3
74	568.71	573.23	568.71	568.71	568.71	784.7	816.68
75	575.46	580.04	575.46	575.46	575.46	794.26	825.96
76	582.09	586.74	582.09	582.09	582.09	804.66	835.22
77	588.72	593.44	588.72	588.72	588.72	814.39	844.63
78	595.36	600.15	595.36	595.36	595.36	823.86	854.05
79	601.99	606.85	601.99	601.99	601.99	833.26	863.47
80	608.62	613.55	608.62	608.62	608.62	842.62	872.87
81	616.97	622	616.97	616.97	616.97	852.91	883.46
82	625.33	630.45	625.33	625.33	625.33	864.19	895.03
83	633.68	638.89	633.68	633.68	633.68	875.81	906.77
84	642.04	647.34	642.04	642.04	642.04	887.55	918.5
85	650.39	655.79	650.39	650.39	650.39	899.33	930.17
86	657.79	663.32	657.79	657.79	657.79	910.58	941.07
87	665.2	670.85	665.2	665.2	665.2	921.29	951.27
88	672.6	678.38	672.6	672.6	672.6	932.1	961.44
89	680.01	685.91	680.01	680.01	680.01	942.62	971.89
90	687.41	693.44	687.41	687.41	687.41	953.05	982.36
91	696.53	702.68	696.53	696.53	696.53	964.51	994.09
92	705.65	711.92	705.65	705.65	705.65	976.96	1006.8
93	714.76	721.16	714.76	714.76	714.76	989.68	1019.6
94	723.88	730.4	723.88	723.88	723.88	1002.5	1032.5
95	733	739.64	733	733	733	1015.3	1045.4
96	739.53	746.35	739.53	739.53	739.53	1026.5	1056.3
97	746.07	753.06	746.07	746.07	746.07	1036.2	1065.7
98	752.6	759.77	752.6	752.6	752.6	1045.5	1074.8
99	759.14	766.48	759.14	759.14	759.14	1054.7	1083.9
100	765.67	773.19	765.67	765.67	765.67	1063.9	1093.4
101	772.49	780.15	772.49	772.49	772.49	1073.2	1102.4
102	779.31	787.12	779.31	779.31	779.31	1082.8	1110.9
103	786.14	1048.7	786.14	786.14	786.14	1092.3	1114.5
104	792.96	1073.9	792.96	792.96	792.96	1101.9	1105.7
105	799.78	1081.9	799.78	799.78	799.78	1111.5	1112.4
106	801	1082.4	801	801	801	1117.4	1117.2
107	802.22	1082	802.22	802.22	802.22	1120	1119.4
108	803.43	1081.1	803.43	803.43	803.43	1122	1121.1
109	804.65	1079.6	804.65	804.65	804.65	1123.8	1122.9
110	805.87	1078.6	805.87	805.87	805.87	1125.5	1124.7
111	810.5	1083.4	810.5	810.5	810.5	1129.3	1128.5
112	815.13	1089.7	815.13	815.13	815.13	1135.3	1134.7
113	819.75	1095.9	819.75	819.75	819.75	1141.7	1141.1
114	824.38	1102.2	824.38	824.38	824.38	1148.2	1147.6
115	829.01	1108.5	829.01	829.01	829.01	1154.6	1154
116	827.68	1107.3	827.68	827.68	827.68	1156.9	1155.7
117	826.36	1105.7	826.36	826.36	826.36	1155.8	1154.2
118	825.03	1104.2	825.03	825.03	825.03	1154.1	1152.4
119	823.71	1102.7	823.71	823.71	823.71	1152.3	1150.6
120	822.38	1101.4	822.38	822.38	822.38	1150.5	1148.8
121	821.32	1100.6	821.32	821.32	821.32	1148.8	1147.2
122	820.26	1099.9	820.26	820.26	820.26	1147.3	1145.7
123	819.21	1099.5	819.21	819.21	819.21	1145.9	1144.3
124	818.15	1099.6	818.15	818.15	818.15	1144.4	1142.9
125	817.09	1100.1	817.09	817.09	817.09	1143	1141.5
126	811.76	1096.1	811.76	811.76	811.76	1138.8	1136.9
127	806.43	1093.1	806.43	806.43	806.43	1132.3	1130.2
128	801.1	1092.4	801.1	801.1	801.1	1125.5	1123.4
129	795.77	1095.4	795.77	795.77	795.77	1119.2	1117.2
130	790.44	804.91	790.44	790.44	790.44	1111.1	1132.4
