;LAP Right System Tunnel Plenum: Mass(lbm),Temperature(R),Pressure(psia)
#I=0,130,1; Launch_Vehicle_Multi_Cavity_Launch_to_Seperation_Venting_Analysis_vent_g4c.vsm C:\0_afc_work\Launch_Vehicle_Multi_Cavity_Launch_to_Seperation_Venting_Analysis_using_VISSIM\VISSIM\0_tmp\Launch_Vehicle_Multi_Cavity_Launch_to_Seperation_Venting_Analysis_vent_g4c.vsm @ Mon Oct 29 08:29:54 2018
0	0.60911	515	11.62
1	0.35224	742.32	8.6385
2	0.35305	733.8	8.5982
3	0.35389	725.23	8.558
4	0.35478	716.64	8.5179
5	0.35569	708.04	8.4778
6	0.35605	701.14	8.4363
7	0.3564	694.32	8.3947
8	0.35676	687.51	8.3532
9	0.35714	680.69	8.3117
10	0.35753	673.88	8.2702
11	0.35628	671.67	8.2248
12	0.35493	669.71	8.1791
13	0.35358	667.74	8.1335
14	0.35223	665.78	8.0878
15	0.35087	663.82	8.0421
16	0.34918	662.74	7.9956
17	0.34748	661.71	7.9492
18	0.34578	660.68	7.9027
19	0.34407	659.65	7.8561
20	0.34236	658.61	7.8096
21	0.33671	657.67	7.6742
22	0.33102	656.71	7.5378
23	0.32532	655.76	7.4014
24	0.31961	654.8	7.265
25	0.31389	653.84	7.1286
26	0.30811	653.03	6.992
27	0.30231	652.23	6.8554
28	0.29651	651.43	6.7188
29	0.2907	650.63	6.5821
30	0.28487	649.83	6.4454
31	0.27899	649.21	6.3086
32	0.27309	648.6	6.1718
33	0.26719	647.99	6.0349
34	0.26128	647.38	5.898
35	0.25536	646.77	5.7611
36	0.24942	646.22	5.6242
37	0.24348	645.67	5.4872
38	0.23752	645.12	5.3502
39	0.23156	644.57	5.2132
40	0.22559	644.02	5.0762
41	0.21943	644.27	4.9388
42	0.21326	644.55	4.8013
43	0.2071	644.84	4.6638
44	0.20094	645.13	4.5264
45	0.19479	645.41	4.3889
46	0.18863	645.75	4.2515
47	0.18247	646.1	4.114
48	0.17632	646.44	3.9766
49	0.17017	646.79	3.8391
50	0.16402	647.13	3.7017
51	0.15761	649.15	3.5637
52	0.1512	651.26	3.4256
53	0.14483	653.36	3.2877
54	0.12946	655.59	2.945
55	0.11415	657.74	2.6019
56	0.098994	660.02	2.2612
57	0.094498	662	2.1624
58	0.090106	664.17	2.066
59	0.085735	666.34	1.9697
60	0.081383	668.5	1.8734
61	0.076965	671.77	1.777
62	0.072572	675.1	1.6807
63	0.068209	678.43	1.5844
64	0.063877	681.76	1.4882
65	0.059573	685.09	1.3921
66	0.055299	688.44	1.296
67	0.051053	691.79	1.2001
68	0.046837	695.15	1.1042
69	0.042649	698.51	1.0085
70	0.03849	701.89	0.91281
71	0.034195	710.28	0.81686
72	0.029964	718.95	0.72113
73	0.025808	727.67	0.6257
74	0.021726	736.45	0.53063
75	0.017723	745.31	0.43608
76	0.016682	753.54	0.41326
77	0.015678	762	0.39105
78	0.014689	770.46	0.36889
79	0.013715	778.93	0.34678
80	0.012757	787.4	0.32472
81	0.011793	797.96	0.30264
82	0.010845	808.64	0.28062
83	0.009916	819.32	0.25867
84	0.0090046	830.02	0.23679
85	0.0081107	840.73	0.21498
86	0.0072412	850.33	0.1933
87	0.0063887	859.88	0.17173
88	0.0060894	869.22	0.1648
89	0.0057976	878.64	0.15796
90	0.0055105	888.07	0.15115
91	0.0052194	899.55	0.14432
92	0.0049334	911.14	0.1375
93	0.0046528	922.73	0.13071
94	0.0043775	934.32	0.12394
95	0.0041074	945.9	0.1172
96	0.0038513	954.42	0.11051
97	0.0035993	962.76	0.10384
98	0.0033509	971.09	0.097204
99	0.0031064	979.41	0.090598
100	0.0028662	987.68	0.084039
101	0.0026305	996.22	0.077555
102	0.0024033	1004.6	0.071239
103	0.0027421	1048.7	0.084829
104	0.0023903	1073.9	0.075728
105	0.0020906	1081.9	0.066727
106	0.0018082	1082.4	0.057739
107	0.0015281	1082	0.048777
108	0.0012497	1081.1	0.039856
109	0.00097408	1079.6	0.031024
110	0.00070442	1078.6	0.022415
111	0.00066861	1083.4	0.021369
112	0.000635	1089.7	0.020412
113	0.00060179	1095.9	0.019456
114	0.00056897	1102.2	0.0185
115	0.00053653	1108.5	0.017545
116	0.00050793	1107.3	0.016591
117	0.00047946	1105.7	0.015639
118	0.00045094	1104.2	0.014689
119	0.00042236	1102.7	0.01374
120	0.00039374	1101.4	0.012794
121	0.00036498	1100.6	0.01185
122	0.0003362	1099.9	0.010909
123	0.00030744	1099.5	0.0099723
124	0.0002787	1099.6	0.0090404
125	0.00025003	1100.1	0.0081147
126	0.00022256	1096.1	0.0071968
127	0.00019503	1093.1	0.0062892
128	0.00016742	1092.4	0.0053951
129	0.00013983	1095.4	0.0045188
130	8.3549e-005	1011.7	0.0025895
