;LAP Interstage Orifice Flow Temperatures (R)
#I=0,130,1; Launch_Vehicle_Multi_Cavity_Launch_to_Seperation_Venting_Analysis_vent_g4c.vsm C:\0_afc_work\Launch_Vehicle_Multi_Cavity_Launch_to_Seperation_Venting_Analysis_using_VISSIM\VISSIM\0_tmp\Launch_Vehicle_Multi_Cavity_Launch_to_Seperation_Venting_Analysis_vent_g4c.vsm @ Mon Oct 29 08:29:54 2018
0	521.91	552.82	552.33	521.91	521.91	521.91	521.91	521.91	521.91
1	515	515	515	515	515	515	515	515	515
2	515	515	515	515	515	515	515	515	515
3	515	515	515	515	515	515	515	515	515
4	515	515	515	515	515	515	515	515	515
5	515	515	551.73	515	515	515	515	515	515
6	515	515	551.15	515	515	515	515	515	515
7	515	515	550.57	515	515	515	515	515	515
8	515	515	549.99	515	515	515	515	515	515
9	515	515	549.41	515	515	515	515	515	515
10	515	515	548.83	515	515	515	515	515	515
11	515	515	548.01	515	515	515	515	515	515
12	515	515	547.19	515	515	515	515	515	515
13	515	515	546.38	515	515	515	515	515	515
14	515	515	545.56	515	515	515	515	515	515
15	515	515	544.74	515	515	515	515	515	515
16	515	515	543.92	515	515	515	515	515	515
17	515	515	543.1	515	515	515	515	515	515
18	515	515	542.28	515	515	515	515	515	515
19	515	515	541.46	515	515	515	515	515	515
20	515	515	540.64	515	515	515	515	515	515
21	515	515	515	515	515	515	515	515	515
22	515	515	515	515	515	515	515	515	515
23	515	515	515	515	515	515	515	515	515
24	515	515	515	515	515	515	515	515	515
25	515	515	515	515	515	515	515	515	515
26	515	515	515	515	515	515	515	515	515
27	515	515	515	515	515	515	515	515	515
28	515	515	515	515	515	515	515	515	515
29	515	515	515	515	515	515	515	515	515
30	515	515	515	515	515	515	515	515	515
31	515	515	515	515	515	515	515	515	515
32	515	515	515	515	515	515	515	515	515
33	515	515	515	515	515	515	515	515	515
34	515	515	515	515	515	515	515	515	515
35	515	515	515	515	515	515	515	515	515
36	515	515	515	515	515	515	515	515	515
37	515	515	515	515	515	515	515	515	515
38	515	515	515	515	515	515	515	515	515
39	515	515	515	515	515	515	515	515	515
40	515	515	515	515	515	515	515	515	515
41	515	515	515	515	515	515	515	515	515
42	515	515	515	515	515	515	515	515	515
43	515	515	515	515	515	515	515	515	515
44	515	515	515	515	515	515	515	515	515
45	515	515	515	515	515	515	515	515	515
46	515	515	515	515	515	515	515	515	515
47	515	515	515	515	515	515	515	515	515
48	515	515	515	515	515	515	515	515	515
49	515	515	515	515	515	515	515	515	515
50	515	515	515	515	515	515	515	515	515
51	515	515	515	515	515	515	515	515	515
52	515	515	515	515	515	515	515	515	515
53	515	515	515	515	515	515	515	515	515
54	522.26	515.09	515.09	522.26	522.26	522.26	522.26	522.26	522.26
55	522.26	515.18	515.18	522.26	522.26	522.26	522.26	522.26	522.26
56	522.26	515.27	515.27	522.26	522.26	522.26	522.26	522.26	522.26
57	515.27	515.27	515.27	515.27	515.27	515.27	515.27	515.27	515.27
58	515.27	515.27	515.27	515.27	515.27	515.27	515.27	515.27	515.27
59	515.27	515.27	515.27	515.27	515.27	515.27	515.27	515.27	515.27
60	515.27	515.27	515.27	515.27	515.27	515.27	515.27	515.27	515.27
61	515.27	515.27	515.27	515.27	515.27	515.27	515.27	515.27	515.27
62	515.27	515.27	515.27	515.27	515.27	515.27	515.27	515.27	515.27
63	515.27	515.27	515.27	515.27	515.27	515.27	515.27	515.27	515.27
64	515.27	515.27	515.27	515.27	515.27	515.27	515.27	515.27	515.27
65	515.27	515.27	515.27	515.27	515.27	515.27	515.27	515.27	515.27
66	515.27	515.27	515.27	515.27	515.27	515.27	515.27	515.27	515.27
67	515.27	515.27	515.27	515.27	515.27	515.27	515.27	515.27	515.27
68	515.27	515.27	515.27	515.27	515.27	515.27	515.27	515.27	515.27
69	515.27	515.27	515.27	515.27	515.27	515.27	515.27	515.27	515.27
70	515.27	515.27	515.27	515.27	515.27	515.27	515.27	515.27	515.27
71	515.27	515.27	515.27	515.27	515.27	515.27	515.27	515.27	515.27
72	515.27	515.27	515.27	515.27	515.27	515.27	515.27	515.27	515.27
73	515.27	515.27	515.27	515.27	515.27	515.27	515.27	515.27	515.27
74	515.27	515.27	515.27	515.27	515.27	515.27	515.27	515.27	515.27
75	515.27	527.54	527.27	515.27	515.27	515.27	515.27	515.27	515.27
76	515.27	528.77	528.47	515.27	515.27	515.27	515.27	515.27	515.27
77	515.27	529.99	529.68	515.27	515.27	515.27	515.27	515.27	515.27
78	515.27	531.22	530.88	515.27	515.27	515.27	515.27	515.27	515.27
79	515.27	532.44	532.09	515.27	515.27	515.27	515.27	515.27	515.27
80	515.27	533.67	533.29	515.27	515.27	515.27	515.27	515.27	515.27
81	515.27	535.39	534.98	515.27	515.27	515.27	515.27	515.27	515.27
82	515.27	537.1	536.67	515.27	515.27	515.27	515.27	515.27	515.27
83	515.27	538.82	538.37	515.27	515.27	515.27	515.27	515.27	515.27
84	515.27	540.53	540.06	515.27	515.27	515.27	515.27	515.27	515.27
85	515.27	542.25	541.75	515.27	515.27	515.27	515.27	515.27	515.27
86	515.27	544.6	544.06	515.27	515.27	515.27	515.27	515.27	515.27
87	515.27	546.94	546.38	515.27	515.27	515.27	515.27	515.27	515.27
88	515.27	549.29	548.69	515.27	515.27	515.27	515.27	515.27	515.27
89	515.27	551.63	551.01	515.27	515.27	515.27	515.27	515.27	515.27
90	515.27	553.98	553.32	515.27	515.27	515.27	515.27	515.27	515.27
91	515.27	556.88	556.19	515.27	515.27	515.27	515.27	515.27	515.27
92	515.27	559.78	559.05	515.27	515.27	515.27	515.27	515.27	515.27
93	515.27	562.69	561.92	515.27	515.27	515.27	515.27	515.27	515.27
94	515.27	565.59	564.78	515.27	515.27	515.27	515.27	515.27	515.27
95	515.27	568.49	567.65	515.27	515.27	515.27	515.27	515.27	515.27
96	515.27	571.74	570.86	515.27	515.27	515.27	515.27	515.27	515.27
97	515.27	574.98	574.07	515.27	515.27	515.27	515.27	515.27	515.27
98	515.27	578.23	577.29	515.27	515.27	515.27	515.27	515.27	515.27
99	515.27	581.47	580.5	515.27	515.27	515.27	515.27	515.27	515.27
100	515.27	584.72	583.71	515.27	515.27	515.27	515.27	515.27	515.27
101	515.27	588	586.96	515.27	515.27	515.27	515.27	515.27	515.27
102	515.27	591.27	590.2	515.27	515.27	515.27	515.27	515.27	515.27
103	515.27	594.55	593.45	515.27	515.27	515.27	515.27	515.27	515.27
104	515.27	597.82	596.69	515.27	515.27	515.27	515.27	515.27	515.27
105	515.27	601.1	599.94	515.27	515.27	515.27	515.27	515.27	515.27
106	515.27	603.98	602.8	515.27	515.27	515.27	515.27	515.27	515.27
107	515.27	606.87	605.67	515.27	515.27	515.27	515.27	515.27	515.27
108	515.27	609.75	608.53	515.27	515.27	515.27	515.27	515.27	515.27
109	515.27	612.64	611.4	515.27	515.27	515.27	515.27	515.27	515.27
110	515.27	615.52	614.26	515.27	515.27	515.27	515.27	515.27	515.27
111	515.27	617.94	616.67	515.27	515.27	515.27	515.27	515.27	515.27
112	515.27	620.36	619.07	515.27	515.27	515.27	515.27	515.27	515.27
113	515.27	622.78	621.48	515.27	515.27	515.27	515.27	515.27	515.27
114	515.27	625.2	623.88	515.27	515.27	515.27	515.27	515.27	515.27
115	515.27	627.62	626.29	515.27	515.27	515.27	515.27	515.27	515.27
116	515.27	629.66	631.9	515.27	515.27	515.27	515.27	515.27	515.27
117	515.27	631.7	637.51	515.27	515.27	515.27	515.27	515.27	515.27
118	515.27	633.74	643.13	515.27	515.27	515.27	515.27	515.27	515.27
119	515.27	635.78	648.74	515.27	515.27	515.27	515.27	515.27	515.27
120	515.27	637.82	654.35	515.27	515.27	515.27	515.27	515.27	515.27
121	515.27	641.43	659.84	515.27	515.27	515.27	515.27	515.27	515.27
122	515.27	645.04	665.33	515.27	515.27	515.27	515.27	515.27	515.27
123	515.27	648.64	670.83	515.27	515.27	515.27	515.27	515.27	515.27
124	515.27	652.25	676.32	515.27	515.27	515.27	515.27	515.27	515.27
125	515.27	655.86	681.81	515.27	515.27	515.27	515.27	515.27	515.27
126	515.27	658.31	684.72	515.27	515.27	515.27	515.27	515.27	515.27
127	515.27	660.76	687.63	515.27	515.27	515.27	515.27	515.27	515.27
128	515.27	663.22	690.55	515.27	515.27	515.27	515.27	515.27	515.27
129	515.27	665.67	693.46	515.27	515.27	515.27	515.27	515.27	515.27
130	515.27	515.27	696.37	515.27	515.27	515.27	515.27	515.27	515.27
