;LAP Aft Skirt Orifice Flow Velocities (ft/s)
#I=0,130,1; Launch_Vehicle_Multi_Cavity_Launch_to_Seperation_Venting_Analysis_vent_g4c.vsm C:\0_afc_work\Launch_Vehicle_Multi_Cavity_Launch_to_Seperation_Venting_Analysis_using_VISSIM\VISSIM\0_tmp\Launch_Vehicle_Multi_Cavity_Launch_to_Seperation_Venting_Analysis_vent_g4c.vsm @ Mon Oct 29 08:29:54 2018
0	0	0	0	0	0	0	0	0	0	0	0	0	0	0	0	0
1	-92.575	-92.575	-92.695	-92.386	-92.731	-92.409	-92.409	-92.702	-92.359	-92.667	-77.256	-92.575	-159.72	-97.784	-740.77	-740.77
2	-130.37	-130.37	-130.54	-130.1	-130.59	-130.13	-130.13	-130.55	-130.06	-130.5	-108.47	-130.37	-193.57	-134.44	-746.65	-746.66
3	-158.74	-158.74	-158.96	-158.41	-159.02	-158.45	-158.45	-158.97	-158.36	-158.91	-131.57	-158.74	-217.48	-162.37	-752.31	-752.32
4	-182.03	-182.03	-182.28	-181.64	-182.36	-181.69	-181.69	-182.29	-181.58	-182.22	-150.21	-182.03	-237.34	-185.44	-757.73	-757.74
5	-201.93	-201.93	-202.21	-201.48	-202.3	-201.54	-201.54	-202.23	-201.42	-202.15	-165.8	-201.93	-254.87	-205.22	-762.89	-762.9
6	-219.32	-219.32	-219.64	-218.83	-219.73	-218.89	-218.89	-219.65	-218.76	-219.56	-179.11	-219.32	-270.64	-222.55	-767.99	-768
7	-234.75	-234.75	-235.1	-234.21	-235.2	-234.28	-234.28	-235.12	-234.13	-235.02	-190.58	-234.75	-284.99	-237.95	-772.85	-772.86
8	-248.59	-248.59	-248.96	-248	-249.07	-248.07	-248.07	-248.98	-247.92	-248.88	-200.53	-248.59	-298.14	-251.78	-777.44	-777.45
9	-261.09	-261.09	-261.5	-260.46	-261.61	-260.53	-260.53	-261.52	-260.37	-261.4	-209.19	-261.09	-310.24	-264.29	-781.79	-781.8
10	-272.46	-272.46	-272.89	-271.78	-273.02	-271.86	-271.86	-272.92	-271.68	-272.79	-216.75	-272.46	-321.42	-275.67	-785.9	-785.91
11	-282.86	-282.86	-283.32	-282.13	-283.45	-282.22	-282.22	-283.34	-282.03	-283.21	-223.33	-282.86	-331.89	-286.1	-790.38	-790.39
12	-292.41	-292.41	-292.9	-291.64	-293.04	-291.73	-291.73	-292.92	-291.53	-292.79	-229.06	-292.41	-341.76	-295.68	-794.68	-794.69
13	-301.22	-301.22	-301.74	-300.41	-301.89	-300.51	-300.51	-301.77	-300.29	-301.62	-234.03	-301.22	-351.01	-304.53	-798.78	-798.79
14	-309.39	-309.39	-309.93	-308.53	-310.09	-308.63	-308.63	-309.96	-308.41	-309.81	-238.32	-309.39	-359.72	-312.73	-802.71	-802.72
15	-316.98	-316.98	-317.55	-316.08	-317.72	-316.19	-316.19	-317.58	-315.95	-317.42	-242.01	-316.98	-367.92	-320.37	-806.47	-806.48
16	-324.07	-324.07	-324.67	-323.12	-324.85	-323.23	-323.23	-324.7	-322.98	-324.53	-245.15	-324.07	-375.7	-327.5	-810.19	-810.21
17	-330.29	-330.29	-330.93	-329.3	-331.11	-329.42	-329.42	-330.96	-329.16	-330.78	-275.58	-330.29	-382.73	-333.78	-813.6	-813.62
18	-335.4	-335.4	-336.06	-334.36	-336.26	-334.49	-334.49	-336.1	-334.21	-335.91	-302.25	-335.4	-388.79	-338.94	-816.56	-816.57
19	-339.56	-339.56	-340.25	-338.46	-340.46	-338.6	-338.6	-340.29	-338.31	-340.09	-326.22	-339.56	-394.02	-343.16	-819.12	-819.13
20	-342.9	-342.9	-343.63	-341.76	-343.85	-341.9	-341.9	-343.67	-341.59	-343.46	-348.16	-342.9	-398.55	-346.58	-821.33	-821.35
21	-368.51	-368.51	-369.93	-366.56	-370.3	-366.95	-366.95	-370.1	-366.37	-369.74	-367.8	-368.51	-427	-372.73	-836.58	-836.59
22	-391.08	-391.08	-393.13	-388.36	-393.64	-389	-389	-393.41	-388.15	-392.91	-384.86	-391.08	-452.95	-396.07	-851.12	-851.13
23	-411.18	-411.18	-413.84	-407.75	-414.49	-408.61	-408.61	-414.24	-407.52	-413.6	-399.77	-411.18	-476.66	-416.95	-864.93	-864.94
24	-429.12	-429.12	-432.36	-424.98	-433.15	-426.05	-426.05	-432.87	-424.72	-432.1	-412.68	-429.12	-498.4	-435.64	-878.01	-878.02
25	-445.17	-445.17	-448.99	-440.33	-449.91	-441.62	-441.62	-449.6	-440.05	-448.7	-423.81	-445.17	-518.46	-452.45	-890.4	-890.41
26	-459.68	-459.68	-464.08	-454.14	-465.13	-455.64	-455.64	-464.8	-453.84	-463.76	-433.43	-459.68	-537.16	-467.72	-902.25	-902.26
27	-472.93	-472.93	-477.91	-466.68	-479.09	-468.4	-468.4	-478.73	-466.36	-477.57	-441.8	-472.93	-554.76	-481.75	-913.65	-913.66
28	-485.15	-485.15	-490.72	-478.2	-492.03	-480.13	-480.13	-491.64	-477.85	-490.35	-449.1	-485.15	-571.5	-494.75	-924.68	-924.69
29	-496.53	-496.53	-502.69	-488.86	-504.14	-491.02	-491.02	-503.72	-488.49	-502.29	-455.52	-496.53	-587.55	-506.93	-935.45	-935.46
30	-507.24	-507.24	-514	-498.84	-515.58	-501.22	-501.22	-515.14	-498.44	-513.57	-461.2	-507.24	-603.07	-518.45	-946.02	-946.04
31	-517.4	-517.4	-524.77	-508.27	-526.5	-510.87	-510.87	-526.02	-507.84	-524.32	-466.25	-517.4	-618.2	-529.45	-956.5	-956.51
32	-527.14	-527.14	-535.13	-517.25	-536.99	-520.08	-520.08	-536.49	-516.79	-534.64	-470.78	-527.14	-633.05	-540.03	-966.93	-966.94
33	-536.54	-536.54	-545.16	-525.89	-547.17	-528.95	-528.95	-546.64	-525.4	-544.65	-474.88	-536.54	-647.71	-550.3	-977.35	-977.36
34	-545.65	-545.65	-554.92	-534.21	-557.07	-537.51	-537.51	-556.5	-533.7	-554.37	-481.47	-545.65	-662.23	-560.29	-987.81	-987.82
35	-554.49	-554.49	-564.41	-542.25	-566.72	-545.79	-545.79	-566.12	-541.71	-563.84	-487.7	-554.49	-676.66	-570.03	-998.31	-998.32
36	-563.14	-563.14	-573.73	-550.08	-576.19	-553.87	-553.87	-575.56	-549.51	-573.12	-493.65	-563.14	-691.06	-579.61	-1008.9	-1008.9
37	-571.66	-571.66	-582.94	-557.75	-585.56	-561.8	-561.8	-584.89	-557.15	-582.29	-499.39	-571.66	-705.51	-589.07	-1019.7	-1019.7
38	-580.1	-580.1	-592.08	-565.34	-594.86	-569.64	-569.64	-594.16	-564.7	-591.41	-504.96	-580.1	-720.07	-598.48	-1030.6	-1030.6
39	-588.51	-588.51	-601.22	-572.87	-604.17	-577.44	-577.44	-603.42	-572.21	-600.51	-510.42	-588.51	-734.79	-607.9	-1041.8	-1041.8
40	-596.95	-596.95	-610.39	-580.4	-613.51	-585.24	-585.24	-612.73	-579.7	-609.65	-515.81	-596.95	-749.73	-617.35	-1053.3	-1053.3
41	-605.44	-605.44	-619.64	-587.97	-622.93	-593.09	-593.09	-622.11	-587.23	-618.86	-521.17	-605.44	-764.95	-626.89	-1065.1	-1065.1
42	-614.02	-614.02	-629	-595.6	-632.47	-601.01	-601.01	-631.61	-594.83	-628.18	-526.54	-614.02	-780.48	-636.55	-1077.4	-1077.4
43	-622.73	-622.73	-638.51	-603.33	-642.16	-609.03	-609.03	-641.26	-602.53	-637.65	-531.93	-622.73	-796.39	-646.37	-1090	-1090
44	-631.59	-631.59	-648.19	-611.19	-652.03	-617.2	-617.2	-651.09	-610.35	-647.29	-537.39	-631.59	-812.7	-656.37	-1103	-1103
45	-640.63	-640.63	-658.08	-619.21	-662.11	-625.52	-625.52	-661.13	-618.33	-657.14	-542.92	-640.63	-829.47	-666.59	-1114.3	-1114.3
46	-649.87	-649.87	-668.19	-627.39	-672.42	-634.02	-634.02	-671.39	-626.47	-667.2	-549.76	-649.87	-846.73	-677.03	-1114.3	-1114.3
47	-659.31	-659.31	-678.52	-635.73	-682.96	-642.69	-642.69	-681.88	-634.77	-677.49	-556.72	-659.31	-864.51	-687.71	-1114.3	-1114.3
48	-668.98	-668.98	-689.12	-644.28	-693.76	-651.58	-651.58	-692.65	-643.28	-688.04	-563.82	-668.98	-882.88	-698.67	-1114.3	-1114.3
49	-678.91	-678.91	-700	-653.05	-704.87	-660.7	-660.7	-703.71	-652.01	-698.89	-571.08	-678.91	-901.89	-709.94	-1114.3	-1114.3
50	-689.13	-689.13	-711.22	-662.08	-716.32	-670.09	-670.09	-715.1	-660.99	-710.05	-578.54	-689.13	-921.61	-721.54	-1114.3	-1114.3
51	-699.68	-699.68	-722.79	-671.39	-728.12	-679.77	-679.77	-726.85	-670.25	-721.57	-586.23	-699.68	-942.11	-733.52	-1114.3	-1114.3
52	-710.58	-710.58	-734.75	-681.01	-740.33	-689.77	-689.77	-739.01	-679.82	-733.48	-594.15	-710.58	-963.48	-745.9	-1114.3	-1114.3
53	-721.87	-721.87	-747.14	-690.96	-752.97	-700.13	-700.13	-751.59	-689.73	-745.82	-602.35	-721.87	-985.79	-758.73	-1114.3	-1114.3
54	-739.18	-739.18	-766.19	-701.15	-774.66	-710.65	-710.65	-774.1	-699.74	-767.32	-610.71	-739.18	-1068.3	-775.59	-1114.3	-1114.3
55	-756.91	-756.91	-785.74	-711.53	-796.93	-721.39	-721.39	-797.22	-709.94	-789.41	-619.15	-756.91	-1114.3	-792.94	-1114.3	-1114.3
56	-775.16	-775.16	-805.89	-722.16	-819.92	-732.38	-732.38	-821.08	-720.38	-812.19	-627.74	-775.16	-1114.3	-810.82	-1114.3	-1114.3
57	-785.83	-785.83	-816.29	-733.84	-830.05	-743.17	-743.17	-830.93	-732.09	-822.2	-636.77	-785.83	-1114.3	-822.06	-1114.3	-1114.3
58	-797.24	-797.24	-827.43	-746.3	-840.91	-754.71	-754.71	-841.5	-744.59	-832.93	-646.5	-797.24	-1114.3	-833.98	-1114.3	-1114.3
59	-809.41	-809.41	-839.32	-759.56	-852.51	-767.01	-767.01	-852.8	-757.88	-844.39	-656.58	-809.41	-1114.3	-846.68	-1114.3	-1114.3
60	-822.4	-822.4	-852.02	-773.67	-864.91	-780.13	-780.13	-864.89	-772.04	-856.65	-664.17	-822.4	-1114.3	-860.23	-1114.3	-1114.3
61	-836.28	-836.28	-865.6	-788.7	-878.17	-794.13	-794.13	-877.82	-787.1	-869.77	-672.44	-836.28	-1114.3	-874.7	-1114.3	-1114.3
62	-851.05	-851.05	-880.07	-804.66	-892.31	-809.02	-809.02	-891.62	-803.1	-883.76	-681.39	-851.05	-1114.3	-890.1	-1114.3	-1114.3
63	-866.76	-866.76	-895.47	-821.59	-907.38	-824.84	-824.84	-906.33	-820.07	-898.66	-691.03	-866.76	-1114.3	-906.48	-1114.3	-1114.3
64	-883.45	-883.45	-911.84	-839.52	-923.4	-841.63	-841.63	-921.98	-838.05	-914.51	-701.37	-883.45	-1114.3	-923.88	-1114.3	-1114.3
65	-901.17	-901.17	-929.25	-858.53	-940.44	-859.43	-859.43	-938.62	-857.1	-931.36	-712.42	-901.17	-1114.3	-942.38	-1114.3	-1114.3
66	-919.98	-919.98	-947.74	-878.66	-958.56	-878.31	-878.31	-956.33	-877.27	-949.28	-724.22	-919.98	-1114.3	-962.03	-1114.3	-1114.3
67	-940.01	-940.01	-967.46	-900.05	-977.89	-898.38	-898.38	-975.21	-898.7	-968.39	-731.96	-940.01	-1114.3	-982.97	-1114.3	-1114.3
68	-961.38	-961.38	-988.52	-922.82	-998.54	-919.76	-919.76	-995.39	-921.52	-988.8	-740.42	-961.38	-1114.3	-1005.3	-1114.3	-1114.3
69	-984.2	-984.2	-1011	-947.08	-1020.6	-942.55	-942.55	-1017	-945.83	-1010.6	-749.6	-984.2	-1114.3	-1029.3	-1114.3	-1114.3
70	-1008.6	-1008.6	-1035.1	-972.95	-1044.2	-966.86	-966.86	-1040	-971.75	-1034	-759.55	-1008.6	-1114.3	-1054.8	-1114.3	-1114.3
71	-1034.6	-1034.6	-1060.8	-1000.6	-1069.5	-992.82	-992.82	-1064.8	-999.42	-1058.9	-770.28	-1034.6	-1114.3	-1082.2	-1114.3	-1114.3
72	-1062.6	-1062.6	-1088.5	-1030.1	-1096.7	-1020.6	-1020.6	-1091.3	-1029	-1085.7	-781.86	-1062.6	-1114.3	-1111.7	-1114.3	-1114.3
73	-1092.5	-1092.5	-1114.3	-1061.8	-1114.3	-1050.3	-1050.3	-1114.3	-1060.7	-1114.3	-794.31	-1092.5	-1114.3	-1114.3	-1114.3	-1114.3
74	-1114.3	-1114.3	-1114.3	-1095.8	-1114.3	-1082.3	-1082.3	-1114.3	-1094.9	-1114.3	-807.72	-1114.3	-1114.3	-1114.3	-1114.3	-1114.3
75	-1114.3	-1114.3	-1114.3	-1114.3	-1114.3	-1114.3	-1114.3	-1114.3	-1114.3	-1114.3	-822.13	-1114.3	-1114.3	-1114.3	-1114.3	-1114.3
76	-1114.3	-1114.3	-1114.3	-1114.3	-1114.3	-1114.3	-1114.3	-1114.3	-1114.3	-1114.3	-838.12	-1114.3	-1114.3	-1114.3	-1114.3	-1114.3
77	-1114.3	-1114.3	-1114.3	-1114.3	-1114.3	-1114.3	-1114.3	-1114.3	-1114.3	-1114.3	-849.06	-1114.3	-1114.3	-1114.3	-1114.3	-1114.3
78	-1114.3	-1114.3	-1114.3	-1114.3	-1114.3	-1114.3	-1114.3	-1114.3	-1114.3	-1114.3	-857.53	-1114.3	-1114.3	-1114.3	-1114.3	-1114.3
79	-1114.3	-1114.3	-1114.3	-1114.3	-1114.3	-1114.3	-1114.3	-1114.3	-1114.3	-1114.3	-867.63	-1114.3	-1114.3	-1114.3	-1114.3	-1114.3
80	-1114.3	-1114.3	-1114.3	-1114.3	-1114.3	-1114.3	-1114.3	-1114.3	-1114.3	-1114.3	-879.34	-1114.3	-1114.3	-1114.3	-1114.3	-1114.3
81	-1114.3	-1114.3	-1114.3	-1114.3	-1114.3	-1114.3	-1114.3	-1114.3	-1114.3	-1114.3	-892.68	-1114.3	-1114.3	-1114.3	-1114.3	-1114.3
82	-1114.3	-1114.3	-1114.3	-1114.3	-1114.3	-1114.3	-1114.3	-1114.3	-1114.3	-1114.3	-907.66	-1114.3	-1114.3	-1114.3	-1114.3	-1114.3
83	-1114.3	-1114.3	-1114.3	-1114.3	-1114.3	-1114.3	-1114.3	-1114.3	-1114.3	-1114.3	-924.31	-1114.3	-1114.3	-1114.3	-1114.3	-1114.3
84	-1114.3	-1114.3	-1114.3	-1114.3	-1114.3	-1114.3	-1114.3	-1114.3	-1114.3	-1114.3	-942.7	-1114.3	-1114.3	-1114.3	-1114.3	-1114.3
85	-1114.3	-1114.3	-1114.3	-1114.3	-1114.3	-1114.3	-1114.3	-1114.3	-1114.3	-1114.3	-962.89	-1114.3	-1114.3	-1114.3	-1114.3	-1114.3
86	-1114.3	-1114.3	-1114.3	-1114.3	-1114.3	-1114.3	-1114.3	-1114.3	-1114.3	-1114.3	-984.97	-1114.3	-1114.3	-1114.3	-1114.3	-1114.3
87	-1114.3	-1114.3	-1114.3	-1114.3	-1114.3	-1114.3	-1114.3	-1114.3	-1114.3	-1114.3	-1009.1	-1114.3	-1114.3	-1114.3	-1114.3	-1114.3
88	-1114.3	-1114.3	-1114.3	-1114.3	-1114.3	-1114.3	-1114.3	-1114.3	-1114.3	-1114.3	-1029.2	-1114.3	-1114.3	-1114.3	-1114.3	-1114.3
89	-1114.3	-1114.3	-1114.3	-1114.3	-1114.3	-1114.3	-1114.3	-1114.3	-1114.3	-1114.3	-1047.7	-1114.3	-1114.3	-1114.3	-1114.3	-1114.3
90	-1114.3	-1114.3	-1114.3	-1114.3	-1114.3	-1114.3	-1114.3	-1114.3	-1114.3	-1114.3	-1068.4	-1114.3	-1114.3	-1114.3	-1114.3	-1114.3
91	-1114.3	-1114.3	-1114.3	-1114.3	-1114.3	-1114.3	-1114.3	-1114.3	-1114.3	-1114.3	-1091.5	-1114.3	-1114.3	-1114.3	-1114.3	-1114.3
92	-1114.3	-1114.3	-1114.3	-1114.3	-1114.3	-1114.3	-1114.3	-1114.3	-1114.3	-1114.3	-1114.3	-1114.3	-1114.3	-1114.3	-1114.3	-1114.3
93	-1114.3	-1114.3	-1114.3	-1114.3	-1114.3	-1114.3	-1114.3	-1114.3	-1114.3	-1114.3	-1114.3	-1114.3	-1114.3	-1114.3	-1114.3	-1114.3
94	-1114.3	-1114.3	-1114.3	-1114.3	-1114.3	-1114.3	-1114.3	-1114.3	-1114.3	-1114.3	-1114.3	-1114.3	-1114.3	-1114.3	-1114.3	-1114.3
95	-1114.3	-1114.3	-1114.3	-1114.3	-1114.3	-1114.3	-1114.3	-1114.3	-1114.3	-1114.3	-1114.3	-1114.3	-1114.3	-1114.3	-1114.3	-1114.3
96	-1114.3	-1114.3	-1114.3	-1114.3	-1114.3	-1114.3	-1114.3	-1114.3	-1114.3	-1114.3	-1114.3	-1114.3	-1114.3	-1114.3	-1114.3	-1114.3
97	-1114.3	-1114.3	-1114.3	-1114.3	-1114.3	-1114.3	-1114.3	-1114.3	-1114.3	-1114.3	-1114.3	-1114.3	-1114.3	-1114.3	-1114.3	-1114.3
98	-1114.3	-1114.3	-1114.3	-1114.3	-1114.3	-1114.3	-1114.3	-1114.3	-1114.3	-1114.3	-1114.3	-1114.3	-1114.3	-1114.3	-1114.3	-1114.3
99	-1114.3	-1114.3	-1114.3	-1114.3	-1114.3	-1114.3	-1114.3	-1114.3	-1114.3	-1114.3	-1114.3	-1114.3	-1114.3	-1114.3	-1114.3	-1114.3
100	-1114.3	-1114.3	-1114.3	-1114.3	-1114.3	-1114.3	-1114.3	-1114.3	-1114.3	-1114.3	-1114.3	-1114.3	-1114.3	-1114.3	-1114.3	-1114.3
101	-1114.3	-1114.3	-1114.3	-1114.3	-1114.3	-1114.3	-1114.3	-1114.3	-1114.3	-1114.3	-1114.3	-1114.3	-1114.3	-1114.3	-1114.3	-1114.3
102	-1114.3	-1114.3	-1114.3	-1114.3	-1114.3	-1114.3	-1114.3	-1114.3	-1114.3	-1114.3	-1114.3	-1114.3	-1114.3	-1114.3	-1114.3	-1114.3
103	-1114.3	-1114.3	-1114.3	-1114.3	-1114.3	-1114.3	-1114.3	-1114.3	-1114.3	-1114.3	-1114.3	-1114.3	-1114.3	-1114.3	-1114.3	-1114.3
104	-1114.3	-1114.3	-1114.3	-1114.3	-1114.3	-1114.3	-1114.3	-1114.3	-1114.3	-1114.3	-1114.3	-1114.3	-1114.3	-1114.3	-1114.3	-1114.3
105	-1114.3	-1114.3	-1114.3	-1114.3	-1114.3	-1114.3	-1114.3	-1114.3	-1114.3	-1114.3	-1114.3	-1114.3	-1114.3	-1114.3	-1114.3	-1114.3
106	-1114.3	-1114.3	-1114.3	-1114.3	-1114.3	-1114.3	-1114.3	-1114.3	-1114.3	-1114.3	-1114.3	-1114.3	-1114.3	-1114.3	-1114.3	-1114.3
107	-1114.3	-1114.3	-1114.3	-1114.3	-1114.3	-1114.3	-1114.3	-1114.3	-1114.3	-1114.3	-1114.3	-1114.3	-1114.3	-1114.3	-1114.3	-1114.3
108	-1114.3	-1114.3	-1114.3	-1114.3	-1114.3	-1114.3	-1114.3	-1114.3	-1114.3	-1114.3	-1114.3	-1114.3	-1114.3	-1114.3	-1114.3	-1114.3
109	-1114.3	-1114.3	-1114.3	-1114.3	-1114.3	-1114.3	-1114.3	-1114.3	-1114.3	-1114.3	-1114.3	-1114.3	-1114.3	-1114.3	-1114.3	-1114.3
110	-1114.3	-1114.3	-1114.3	-1114.3	-1114.3	-1114.3	-1114.3	-1114.3	-1114.3	-1114.3	-1114.3	-1114.3	-1114.3	-1114.3	-1114.3	-1114.3
111	-1114.3	-1114.3	-1114.3	-1114.3	-1114.3	-1114.3	-1114.3	-1114.3	-1114.3	-1114.3	-1114.3	-1114.3	-1114.3	-1114.3	-1114.3	-1114.3
112	-1114.3	-1114.3	-1114.3	-1114.3	-1114.3	-1114.3	-1114.3	-1114.3	-1114.3	-1114.3	-1114.3	-1114.3	-1114.3	-1114.3	-1114.3	-1114.3
113	-1114.3	-1114.3	-1114.3	-1114.3	-1114.3	-1114.3	-1114.3	-1114.3	-1114.3	-1114.3	-1114.3	-1114.3	-1114.3	-1114.3	-1114.3	-1114.3
114	-1114.3	-1114.3	-1114.3	-1114.3	-1114.3	-1114.3	-1114.3	-1114.3	-1114.3	-1114.3	-1114.3	-1114.3	-1114.3	-1114.3	-1114.3	-1114.3
115	-1114.3	-1114.3	-1114.3	-1114.3	-1114.3	-1114.3	-1114.3	-1114.3	-1114.3	-1114.3	-1114.3	-1114.3	-1114.3	-1114.3	-1114.3	-1114.3
116	-1114.3	-1114.3	-1114.3	-1114.3	-1114.3	-1114.3	-1114.3	-1114.3	-1114.3	-1114.3	-1114.3	-1114.3	-1114.3	-1114.3	-1114.3	-1114.3
117	-1114.3	-1114.3	-1114.3	-1114.3	-1114.3	-1114.3	-1114.3	-1114.3	-1114.3	-1114.3	-1114.3	-1114.3	-1114.3	-1114.3	-1114.3	-1114.3
118	-1114.3	-1114.3	-1114.3	-1114.3	-1114.3	-1114.3	-1114.3	-1114.3	-1114.3	-1114.3	-1114.3	-1114.3	-1114.3	-1114.3	-1114.3	-1114.3
119	-1114.3	-1114.3	-1114.3	-1114.3	-1114.3	-1114.3	-1114.3	-1114.3	-1114.3	-1114.3	-1114.3	-1114.3	-1114.3	-1114.3	-1114.3	-1114.3
120	-1114.3	-1114.3	-1114.3	-1114.3	-1114.3	-1114.3	-1114.3	-1114.3	-1114.3	-1114.3	-1114.3	-1114.3	-1114.3	-1114.3	-1114.3	-1114.3
121	-1114.3	-1114.3	-1114.3	-1114.3	-1114.3	-1114.3	-1114.3	-1114.3	-1114.3	-1114.3	-1114.3	-1114.3	-1114.3	-1114.3	-1114.3	-1114.3
122	-1114.3	-1114.3	-1114.3	-1114.3	-1114.3	-1114.3	-1114.3	-1114.3	-1114.3	-1114.3	-1114.3	-1114.3	-1114.3	-1114.3	-1114.3	-1114.3
123	-1114.3	-1114.3	-1114.3	-1114.3	-1114.3	-1114.3	-1114.3	-1114.3	-1114.3	-1114.3	-1114.3	-1114.3	-1114.3	-1114.3	-1114.3	-1114.3
124	-1114.3	-1114.3	-1114.3	-1114.3	-1114.3	-1114.3	-1114.3	-1114.3	-1114.3	-1114.3	-1114.3	-1114.3	-1114.3	-1114.3	-1114.3	-1114.3
125	-1114.3	-1114.3	-1114.3	-1114.3	-1114.3	-1114.3	-1114.3	-1114.3	-1114.3	-1114.3	-1114.3	-1114.3	-1114.3	-1114.3	-1114.3	-1114.3
126	-1114.3	-1114.3	-1114.3	-1114.3	-1114.3	-1114.3	-1114.3	-1114.3	-1114.3	-1114.3	-1114.3	-1114.3	-1114.3	-1114.3	-1114.3	-1114.3
127	-1114.3	-1114.3	-1114.3	-1114.3	-1114.3	-1114.3	-1114.3	-1114.3	-1114.3	-1114.3	-1114.3	-1114.3	-1114.3	-1114.3	-1114.3	-1114.3
128	-1114.3	-1114.3	-1114.3	-1114.3	-1114.3	-1114.3	-1114.3	-1114.3	-1114.3	-1114.3	-1114.3	-1114.3	-1114.3	-1114.3	-1114.3	-1114.3
129	-1114.3	-1114.3	-1114.3	-1114.3	-1114.3	-1114.3	-1114.3	-1114.3	-1114.3	-1114.3	-1114.3	-1114.3	-1114.3	-1114.3	-1114.3	-1114.3
130	-1114.3	-1114.3	-1114.3	-1114.3	-1114.3	-1114.3	-1114.3	-1114.3	-1114.3	-1114.3	-1114.3	-1114.3	-1114.3	-1114.3	-1114.3	-1114.3
