;LAP Aft Skirt Orifice Flow Temperatures (R)
#I=0,130,1; Launch_Vehicle_Multi_Cavity_Launch_to_Seperation_Venting_Analysis_vent_g4c.vsm C:\0_afc_work\Launch_Vehicle_Multi_Cavity_Launch_to_Seperation_Venting_Analysis_using_VISSIM\VISSIM\0_tmp\Launch_Vehicle_Multi_Cavity_Launch_to_Seperation_Venting_Analysis_vent_g4c.vsm @ Mon Oct 29 08:29:54 2018
0	535.53	535.53	551.04	550.88	551.04	539.61	539.61	526.32	525.16	567.22	1876.8	535.53	515	515	515	515
1	515	515	515	515	515	515	515	515	515	515	515	515	515	515	515	515
2	515	515	515	515	515	515	515	515	515	515	515	515	515	515	515	515
3	515	515	515	515	515	515	515	515	515	515	515	515	515	515	515	515
4	515	515	515	515	515	515	515	515	515	515	515	515	515	515	515	515
5	515	515	515	515	515	515	515	515	515	515	515	515	515	515	515	515
6	515	515	515	515	515	515	515	515	515	515	515	515	515	515	515	515
7	515	515	515	515	515	515	515	515	515	515	515	515	515	515	515	515
8	515	515	515	515	515	515	515	515	515	515	515	515	515	515	515	515
9	515	515	515	515	515	515	515	515	515	515	515	515	515	515	515	515
10	515	515	515	515	515	515	515	515	515	515	515	515	515	515	515	515
11	515	515	515	515	515	515	515	515	515	515	515	515	515	515	515	515
12	515	515	515	515	515	515	515	515	515	515	515	515	515	515	515	515
13	515	515	515	515	515	515	515	515	515	515	515	515	515	515	515	515
14	515	515	515	515	515	515	515	515	515	515	515	515	515	515	515	515
15	515	515	515	515	515	515	515	515	515	515	515	515	515	515	515	515
16	515	515	515	515	515	515	515	515	515	515	515	515	515	515	515	515
17	515	515	515	515	515	515	515	515	515	515	515	515	515	515	515	515
18	515	515	515	515	515	515	515	515	515	515	515	515	515	515	515	515
19	515	515	515	515	515	515	515	515	515	515	515	515	515	515	515	515
20	515	515	515	515	515	515	515	515	515	515	515	515	515	515	515	515
21	515	515	515	515	515	515	515	515	515	515	515	515	515	515	515	515
22	515	515	515	515	515	515	515	515	515	515	515	515	515	515	515	515
23	515	515	515	515	515	515	515	515	515	515	515	515	515	515	515	515
24	515	515	515	515	515	515	515	515	515	515	515	515	515	515	515	515
25	515	515	515	515	515	515	515	515	515	515	515	515	515	515	515	515
26	515	515	515	515	515	515	515	515	515	515	515	515	515	515	515	515
27	515	515	515	515	515	515	515	515	515	515	515	515	515	515	515	515
28	515	515	515	515	515	515	515	515	515	515	515	515	515	515	515	515
29	515	515	515	515	515	515	515	515	515	515	515	515	515	515	515	515
30	515	515	515	515	515	515	515	515	515	515	515	515	515	515	515	515
31	515	515	515	515	515	515	515	515	515	515	515	515	515	515	515	515
32	515	515	515	515	515	515	515	515	515	515	515	515	515	515	515	515
33	515	515	515	515	515	515	515	515	515	515	515	515	515	515	515	515
34	515	515	515	515	515	515	515	515	515	515	515	515	515	515	515	515
35	515	515	515	515	515	515	515	515	515	515	515	515	515	515	515	515
36	515	515	515	515	515	515	515	515	515	515	515	515	515	515	515	515
37	515	515	515	515	515	515	515	515	515	515	515	515	515	515	515	515
38	515	515	515	515	515	515	515	515	515	515	515	515	515	515	515	515
39	515	515	515	515	515	515	515	515	515	515	515	515	515	515	515	515
40	515	515	515	515	515	515	515	515	515	515	515	515	515	515	515	515
41	515	515	515	515	515	515	515	515	515	515	515	515	515	515	515	515
42	515	515	515	515	515	515	515	515	515	515	515	515	515	515	515	515
43	515	515	515	515	515	515	515	515	515	515	515	515	515	515	515	515
44	515	515	515	515	515	515	515	515	515	515	515	515	515	515	515	515
45	515	515	515	515	515	515	515	515	515	515	515	515	515	515	515	515
46	515	515	515	515	515	515	515	515	515	515	515	515	515	515	515	515
47	515	515	515	515	515	515	515	515	515	515	515	515	515	515	515	515
48	515	515	515	515	515	515	515	515	515	515	515	515	515	515	515	515
49	515	515	515	515	515	515	515	515	515	515	515	515	515	515	515	515
50	515	515	515	515	515	515	515	515	515	515	515	515	515	515	515	515
51	515	515	515	515	515	515	515	515	515	515	515	515	515	515	515	515
52	515	515	515	515	515	515	515	515	515	515	515	515	515	515	515	515
53	515	515	515	515	515	515	515	515	515	515	515	515	515	515	515	515
54	515	515	515	515	515	515	515	515	515	515	515	515	515	515	515	515
55	515	515	515	515	515	515	515	515	515	515	515	515	515	515	515	515
56	515	515	515	515	515	515	515	515	515	515	515	515	515	515	515	515
57	515	515	515	515	515	515	515	515	515	515	515	515	515	515	515	515
58	515	515	515	515	515	515	515	515	515	515	515	515	515	515	515	515
59	515	515	515	515	515	515	515	515	515	515	515	515	515	515	515	515
60	515	515	515	515	515	515	515	515	515	515	515	515	515	515	515	515
61	515	515	515	515	515	515	515	515	515	515	515	515	515	515	515	515
62	515	515	515	515	515	515	515	515	515	515	515	515	515	515	515	515
63	515	515	515	515	515	515	515	515	515	515	515	515	515	515	515	515
64	515	515	515	515	515	515	515	515	515	515	515	515	515	515	515	515
65	515	515	515	515	515	515	515	515	515	515	515	515	515	515	515	515
66	515	515	515	515	515	515	515	515	515	515	515	515	515	515	515	515
67	515	515	515	515	515	515	515	515	515	515	515	515	515	515	515	515
68	515	515	515	515	515	515	515	515	515	515	515	515	515	515	515	515
69	515	515	515	515	515	515	515	515	515	515	515	515	515	515	515	515
70	515	515	515	515	515	515	515	515	515	515	515	515	515	515	515	515
71	515	515	515	515	515	515	515	515	515	515	515	515	515	515	515	515
72	515	515	515	515	515	515	515	515	515	515	515	515	515	515	515	515
73	515	515	515	515	515	515	515	515	515	515	515	515	515	515	515	515
74	515	515	515	515	515	515	515	515	515	515	515	515	515	515	515	515
75	515	515	515	515	515	515	515	515	515	515	515	515	515	515	515	515
76	515	515	515	515	515	515	515	515	515	515	515	515	515	515	515	515
77	515	515	515	515	515	515	515	515	515	515	515	515	515	515	515	515
78	515	515	515	515	515	515	515	515	515	515	515	515	515	515	515	515
79	515	515	515	515	515	515	515	515	515	515	515	515	515	515	515	515
80	515	515	515	515	515	515	515	515	515	515	515	515	515	515	515	515
81	515	515	515	515	515	515	515	515	515	515	515	515	515	515	515	515
82	515	515	515	515	515	515	515	515	515	515	515	515	515	515	515	515
83	515	515	515	515	515	515	515	515	515	515	515	515	515	515	515	515
84	515	515	515	515	515	515	515	515	515	515	515	515	515	515	515	515
85	515	515	515	515	515	515	515	515	515	515	515	515	515	515	515	515
86	515	515	515	515	515	515	515	515	515	515	515	515	515	515	515	515
87	515	515	515	515	515	515	515	515	515	515	515	515	515	515	515	515
88	515	515	515	515	515	515	515	515	515	515	515	515	515	515	515	515
89	515	515	515	515	515	515	515	515	515	515	515	515	515	515	515	515
90	515	515	515	515	515	515	515	515	515	515	515	515	515	515	515	515
91	515	515	515	515	515	515	515	515	515	515	515	515	515	515	515	515
92	515	515	515	515	515	515	515	515	515	515	515	515	515	515	515	515
93	515	515	515	515	515	515	515	515	515	515	515	515	515	515	515	515
94	515	515	515	515	515	515	515	515	515	515	515	515	515	515	515	515
95	515	515	515	515	515	515	515	515	515	515	515	515	515	515	515	515
96	515	515	515	515	515	515	515	515	515	515	515	515	515	515	515	515
97	515	515	515	515	515	515	515	515	515	515	515	515	515	515	515	515
98	515	515	515	515	515	515	515	515	515	515	515	515	515	515	515	515
99	515	515	515	515	515	515	515	515	515	515	515	515	515	515	515	515
100	515	515	515	515	515	515	515	515	515	515	515	515	515	515	515	515
101	515	515	515	515	515	515	515	515	515	515	515	515	515	515	515	515
102	515	515	515	515	515	515	515	515	515	515	515	515	515	515	515	515
103	515	515	515	515	515	515	515	515	515	515	515	515	515	515	515	515
104	515	515	515	515	515	515	515	515	515	515	515	515	515	515	515	515
105	515	515	515	515	515	515	515	515	515	515	515	515	515	515	515	515
106	515	515	515	515	515	515	515	515	515	515	515	515	515	515	515	515
107	515	515	515	515	515	515	515	515	515	515	515	515	515	515	515	515
108	515	515	515	515	515	515	515	515	515	515	515	515	515	515	515	515
109	515	515	515	515	515	515	515	515	515	515	515	515	515	515	515	515
110	515	515	515	515	515	515	515	515	515	515	515	515	515	515	515	515
111	515	515	515	515	515	515	515	515	515	515	515	515	515	515	515	515
112	515	515	515	515	515	515	515	515	515	515	515	515	515	515	515	515
113	515	515	515	515	515	515	515	515	515	515	515	515	515	515	515	515
114	515	515	515	515	515	515	515	515	515	515	515	515	515	515	515	515
115	515	515	515	515	515	515	515	515	515	515	515	515	515	515	515	515
116	515	515	515	515	515	515	515	515	515	515	515	515	515	515	515	515
117	515	515	515	515	515	515	515	515	515	515	515	515	515	515	515	515
118	515	515	515	515	515	515	515	515	515	515	515	515	515	515	515	515
119	515	515	515	515	515	515	515	515	515	515	515	515	515	515	515	515
120	515	515	515	515	515	515	515	515	515	515	515	515	515	515	515	515
121	515	515	515	515	515	515	515	515	515	515	515	515	515	515	515	515
122	515	515	515	515	515	515	515	515	515	515	515	515	515	515	515	515
123	515	515	515	515	515	515	515	515	515	515	515	515	515	515	515	515
124	515	515	515	515	515	515	515	515	515	515	515	515	515	515	515	515
125	515	515	515	515	515	515	515	515	515	515	515	515	515	515	515	515
126	515	515	515	515	515	515	515	515	515	515	515	515	515	515	515	515
127	515	515	515	515	515	515	515	515	515	515	515	515	515	515	515	515
128	515	515	515	515	515	515	515	515	515	515	515	515	515	515	515	515
129	515	515	515	515	515	515	515	515	515	515	515	515	515	515	515	515
130	515	515	515	515	515	515	515	515	515	515	515	515	515	515	515	515
