;LAP Innertank Plenum: Mass(lbm),Temperature(R),Pressure(psia)
#I=0,130,1; Launch_Vehicle_Multi_Cavity_Launch_to_Seperation_Venting_Analysis_vent_g4c.vsm C:\0_afc_work\Launch_Vehicle_Multi_Cavity_Launch_to_Seperation_Venting_Analysis_using_VISSIM\VISSIM\0_tmp\Launch_Vehicle_Multi_Cavity_Launch_to_Seperation_Venting_Analysis_vent_g4c.vsm @ Mon Oct 29 08:29:54 2018
0	268.01	515	11.62
1	268	515	11.62
2	267.96	515	11.618
3	267.88	515	11.615
4	267.75	515	11.609
5	267.57	515	11.601
6	267.34	515	11.591
7	267.05	515	11.578
8	266.7	515	11.563
9	266.3	515	11.546
10	265.85	515	11.526
11	265.35	515	11.505
12	264.8	515	11.481
13	264.2	515	11.455
14	263.56	515	11.427
15	262.89	515	11.398
16	262.17	515	11.367
17	261.38	515	11.333
18	260.49	515	11.294
19	259.51	515	11.252
20	258.45	515	11.206
21	257.25	515	11.154
22	255.83	515	11.092
23	254.22	515	11.022
24	252.41	515	10.944
25	250.4	515	10.857
26	248.23	515	10.762
27	245.9	515	10.661
28	243.43	515	10.555
29	240.86	515	10.443
30	238.18	515	10.327
31	235.42	515	10.207
32	232.6	515	10.085
33	229.7	515	9.9593
34	226.76	515	9.8315
35	223.75	515	9.7012
36	220.7	515	9.569
37	217.61	515	9.435
38	214.49	515	9.2996
39	211.34	515	9.163
40	208.17	515	9.0254
41	204.97	515	8.887
42	201.77	515	8.748
43	198.55	515	8.6084
44	195.32	515	8.4684
45	192.08	515	8.3281
46	188.84	515	8.1875
47	185.59	515	8.0465
48	182.33	515	7.9053
49	179.07	515	7.7639
50	175.81	515	7.6224
51	172.54	515	7.4808
52	169.28	515	7.3393
53	166.01	515	7.1978
54	162.74	515	7.0559
55	159.45	515	6.9131
56	156.14	515	6.7695
57	152.84	515	6.6266
58	149.58	515	6.4852
59	146.35	515	6.3453
60	143.16	515	6.207
61	140.01	515	6.0702
62	136.89	515	5.9349
63	133.8	515	5.801
64	130.73	515	5.6682
65	127.7	515	5.5366
66	124.69	515	5.4061
67	121.71	515	5.2768
68	118.76	515	5.1489
69	115.83	515	5.0222
70	112.94	515	4.8968
71	110.07	515	4.7725
72	107.23	515	4.6493
73	104.42	515	4.5272
74	101.62	515	4.4061
75	98.855	515	4.2861
76	96.15	515	4.1688
77	93.544	515	4.0558
78	91.036	515	3.9471
79	88.618	515	3.8422
80	86.279	515	3.7408
81	84.013	515	3.6425
82	81.813	515	3.5471
83	79.673	515	3.4544
84	77.591	515	3.3641
85	75.561	515	3.2761
86	73.58	515	3.1902
87	71.646	515	3.1064
88	69.778	515	3.0253
89	67.99	515	2.9478
90	66.277	515	2.8736
91	64.634	515	2.8023
92	63.056	515	2.7339
93	61.538	515	2.6681
94	60.076	515	2.6047
95	58.666	515	2.5436
96	57.304	515	2.4845
97	55.987	515	2.4274
98	54.711	515	2.3721
99	53.473	515	2.3184
100	52.272	515	2.2663
101	51.106	515	2.2158
102	49.985	515	2.1672
103	48.905	515	2.1204
104	47.864	515	2.0752
105	46.859	515	2.0316
106	45.887	515	1.9895
107	44.948	515	1.9488
108	44.038	515	1.9093
109	43.156	515	1.8711
110	42.306	515	1.8343
111	41.485	515	1.7986
112	40.691	515	1.7642
113	39.923	515	1.731
114	39.18	515	1.6987
115	38.459	515	1.6675
116	37.761	515	1.6372
117	37.082	515	1.6078
118	36.424	515	1.5792
119	35.787	515	1.5516
120	35.17	515	1.5249
121	34.573	515	1.499
122	33.993	515	1.4738
123	33.431	515	1.4495
124	32.886	515	1.4258
125	32.356	515	1.4028
126	31.84	515	1.3805
127	31.336	515	1.3586
128	30.847	515	1.3374
129	30.373	515	1.3169
130	29.912	515	1.2969
