;OV Aft Flare Orifice Flow Temperatures (R)
#I=0,130,1; Launch_Vehicle_Multi_Cavity_Launch_to_Seperation_Venting_Analysis_vent_g4c.vsm C:\0_afc_work\Launch_Vehicle_Multi_Cavity_Launch_to_Seperation_Venting_Analysis_using_VISSIM\VISSIM\0_tmp\Launch_Vehicle_Multi_Cavity_Launch_to_Seperation_Venting_Analysis_vent_g4c.vsm @ Mon Oct 29 08:29:54 2018
0	521.91	552.82	552.33	521.91	521.91	521.91
1	515	515	515	515	515	515
2	515	515	515	515	515	515
3	515	515	515	515	515	515
4	515	515	515	515	515	515
5	515	515	551.73	515	515	515
6	515.01	515.01	551.15	515.01	515.01	515.01
7	515.02	515.02	550.57	515.02	515.02	515.02
8	515.04	515.04	549.99	515.04	515.04	515.04
9	515.06	515.06	549.41	515.06	515.06	515.06
10	515.08	515.08	548.83	515.08	515.08	515.08
11	515.11	515.11	548.01	515.11	515.11	515.11
12	515.14	515.14	547.19	515.14	515.14	515.14
13	515.16	515.16	546.38	515.16	515.16	515.16
14	515.19	515.19	545.56	515.19	515.19	515.19
15	515.23	515.23	544.74	515.23	515.23	515.23
16	515.26	515.26	543.92	515.26	515.26	515.26
17	515.3	515.3	543.1	515.3	515.3	515.3
18	515.33	515.33	542.28	515.33	515.33	515.33
19	515.37	515.37	541.46	515.37	515.37	515.37
20	515.41	515.41	540.64	515.41	515.41	515.41
21	515.41	515.41	515.41	515.41	515.41	515.41
22	515.41	515.41	515.41	515.41	515.41	515.41
23	515.41	515.41	515.41	515.41	515.41	515.41
24	515.41	515.41	515.41	515.41	515.41	515.41
25	515.41	515.41	515.41	515.41	515.41	515.41
26	515.41	515.41	515.41	515.41	515.41	515.41
27	515.41	515.41	515.41	515.41	515.41	515.41
28	515.41	515.41	515.41	515.41	515.41	515.41
29	515.41	515.41	515.41	515.41	515.41	515.41
30	515.41	515.41	515.41	515.41	515.41	515.41
31	515.41	515.41	515.41	515.41	515.41	515.41
32	515.41	515.41	515.41	515.41	515.41	515.41
33	515.41	515.41	515.41	515.41	515.41	515.41
34	515.41	515.41	515.41	515.41	515.41	515.41
35	515.41	515.41	515.41	515.41	515.41	515.41
36	515.41	515.41	515.41	515.41	515.41	515.41
37	515.41	515.41	515.41	515.41	515.41	515.41
38	515.41	515.41	515.41	515.41	515.41	515.41
39	515.41	515.41	515.41	515.41	515.41	515.41
40	515.41	515.41	515.41	515.41	515.41	515.41
41	515.41	515.41	515.41	515.41	515.41	515.41
42	515.41	515.41	515.41	515.41	515.41	515.41
43	515.41	515.41	515.41	515.41	515.41	515.41
44	515.41	515.41	515.41	515.41	515.41	515.41
45	515.41	515.41	515.41	515.41	515.41	515.41
46	515.41	515.41	515.41	515.41	515.41	515.41
47	515.41	515.41	515.41	515.41	515.41	515.41
48	515.41	515.41	515.41	515.41	515.41	515.41
49	515.41	515.41	515.41	515.41	515.41	515.41
50	515.41	515.41	515.41	515.41	515.41	515.41
51	515.41	515.41	515.41	515.41	515.41	515.41
52	515.41	515.41	515.41	515.41	515.41	515.41
53	515.41	515.41	515.41	515.41	515.41	515.41
54	516.44	516.44	516.44	516.44	516.44	516.44
55	517.76	517.76	517.76	517.76	517.76	517.76
56	519.14	519.14	519.14	519.14	519.14	519.14
57	519.14	519.14	519.14	519.14	519.14	519.14
58	519.14	519.14	519.14	519.14	519.14	519.14
59	519.14	519.14	519.14	519.14	519.14	519.14
60	519.14	519.14	519.14	519.14	519.14	519.14
61	519.14	519.14	519.14	519.14	519.14	519.14
62	519.14	519.14	519.14	519.14	519.14	519.14
63	519.14	519.14	519.14	519.14	519.14	519.14
64	519.14	519.14	519.14	519.14	519.14	519.14
65	519.14	519.14	519.14	519.14	519.14	519.14
66	519.14	519.14	519.14	519.14	519.14	519.14
67	519.14	519.14	519.14	519.14	519.14	519.14
68	519.14	519.14	519.14	519.14	519.14	519.14
69	519.14	519.14	519.14	519.14	519.14	519.14
70	519.14	519.14	519.14	519.14	519.14	519.14
71	519.14	519.14	519.14	519.14	519.14	519.14
72	519.14	519.14	519.14	519.14	519.14	519.14
73	519.14	519.14	519.14	519.14	519.14	519.14
74	519.14	519.14	519.14	519.14	519.14	519.14
75	519.98	527.54	527.27	519.98	519.98	519.98
76	521.37	528.77	528.47	521.37	521.37	521.37
77	522.78	529.99	529.68	522.78	522.78	522.78
78	524.2	531.22	530.88	524.2	524.2	524.2
79	525.64	532.44	532.09	525.64	525.64	525.64
80	527.09	533.67	533.29	527.09	527.09	527.09
81	528.57	535.39	534.98	528.57	528.57	528.57
82	530.07	537.1	536.67	530.07	530.07	530.07
83	531.59	538.82	538.37	531.59	531.59	531.59
84	533.13	540.53	540.06	533.13	533.13	533.13
85	534.7	542.25	541.75	534.7	534.7	534.7
86	536.3	544.6	544.06	536.3	536.3	536.3
87	537.93	546.94	546.38	537.93	537.93	537.93
88	539.59	549.29	548.69	539.59	539.59	539.59
89	541.28	551.63	551.01	541.28	541.28	541.28
90	542.99	553.98	553.32	542.99	542.99	542.99
91	544.72	556.88	556.19	544.72	544.72	544.72
92	546.49	559.78	559.05	546.49	546.49	546.49
93	548.28	562.69	561.92	548.28	548.28	548.28
94	550.11	565.59	564.78	550.11	550.11	550.11
95	551.96	568.49	567.65	551.96	551.96	551.96
96	553.86	571.74	570.86	553.86	553.86	553.86
97	555.79	574.98	574.07	555.79	555.79	555.79
98	557.76	578.23	577.29	557.76	557.76	557.76
99	559.78	581.47	580.5	559.78	559.78	559.78
100	561.84	584.72	583.71	561.84	561.84	561.84
101	563.94	588	586.96	563.94	563.94	563.94
102	566.1	591.27	590.2	566.1	566.1	566.1
103	568.31	594.55	593.45	568.31	568.31	568.31
104	570.57	597.82	596.69	570.57	570.57	570.57
105	572.9	601.1	599.94	572.9	572.9	572.9
106	575.29	603.98	602.8	575.29	575.29	575.29
107	577.74	606.87	605.67	577.74	577.74	577.74
108	580.27	609.75	608.53	580.27	580.27	580.27
109	582.89	612.64	611.4	582.89	582.89	582.89
110	585.59	615.52	614.26	585.59	585.59	585.59
111	588.4	617.94	616.67	588.4	588.4	588.4
112	591.22	620.36	619.07	591.22	591.22	591.22
113	594.06	622.78	621.48	594.06	594.06	594.06
114	596.92	625.2	623.88	596.92	596.92	596.92
115	599.78	627.62	626.29	599.78	599.78	599.78
116	602.69	629.66	631.9	602.69	602.69	602.69
117	605.65	631.7	637.51	605.65	605.65	605.65
118	608.68	633.74	643.13	608.68	608.68	608.68
119	611.76	635.78	648.74	611.76	611.76	611.76
120	614.91	637.82	654.35	614.91	614.91	614.91
121	618.12	641.43	659.84	618.12	618.12	618.12
122	621.39	645.04	665.33	621.39	621.39	621.39
123	624.71	648.64	670.83	624.71	624.71	624.71
124	628.1	652.25	676.32	628.1	628.1	628.1
125	631.55	655.86	681.81	631.55	631.55	631.55
126	635.04	658.31	684.72	635.04	635.04	635.04
127	638.55	660.76	687.63	638.55	638.55	638.55
128	642.08	663.22	690.55	642.08	642.08	642.08
129	645.63	665.67	693.46	645.63	645.63	645.63
130	649.2	649.2	696.37	649.2	649.2	649.2
