;OV Aft Purge Ring Orifice Flow Velocities (ft/s)
#I=0,130,1; Launch_Vehicle_Multi_Cavity_Launch_to_Seperation_Venting_Analysis_vent_g4c.vsm C:\0_afc_work\Launch_Vehicle_Multi_Cavity_Launch_to_Seperation_Venting_Analysis_using_VISSIM\VISSIM\0_tmp\Launch_Vehicle_Multi_Cavity_Launch_to_Seperation_Venting_Analysis_vent_g4c.vsm @ Mon Oct 29 08:29:54 2018
0	0	0	0	0
1	-374.08	-26.045	-46.782	-46.782
2	-400.49	-27.874	-49.986	-49.986
3	-407.21	-28.331	-50.857	-50.857
4	-406.77	-28.289	-50.838	-50.838
5	-404.15	-28.096	-50.542	-50.542
6	-400.8	-27.851	-50.15	-50.15
7	-397.22	-27.591	-49.729	-49.729
8	-393.58	-27.326	-49.299	-49.299
9	-389.92	-27.06	-48.866	-48.866
10	-386.25	-26.793	-48.431	-48.431
11	-384.45	-26.656	-48.197	-48.197
12	-383.3	-26.565	-48.058	-48.058
13	-382.34	-26.486	-47.943	-47.943
14	-381.44	-26.411	-47.835	-47.835
15	-380.56	-26.337	-47.73	-47.73
16	-379.98	-26.285	-47.656	-47.656
17	-379.5	-26.239	-47.598	-47.598
18	-379.06	-26.196	-47.544	-47.544
19	-378.62	-26.153	-47.492	-47.492
20	-378.19	-26.11	-47.439	-47.439
21	-379.46	-26.286	-47.391	-47.391
22	-379	-26.344	-47.34	-47.34
23	-378.52	-26.405	-47.286	-47.286
24	-378.04	-26.468	-47.232	-47.232
25	-377.56	-26.534	-47.178	-47.178
26	-377.11	-26.606	-47.128	-47.128
27	-376.68	-26.683	-47.081	-47.081
28	-376.26	-26.764	-47.034	-47.034
29	-375.83	-26.85	-46.987	-46.987
30	-375.4	-26.939	-46.94	-46.94
31	-375.01	-27.037	-46.898	-46.898
32	-374.65	-27.141	-46.859	-46.859
33	-374.29	-27.25	-46.821	-46.821
34	-373.92	-27.365	-46.783	-46.783
35	-373.55	-27.485	-46.745	-46.745
36	-373.2	-27.613	-46.709	-46.709
37	-372.84	-27.747	-46.674	-46.674
38	-372.49	-27.889	-46.638	-46.638
39	-372.12	-28.037	-46.603	-46.603
40	-371.75	-28.194	-46.567	-46.567
41	-371.65	-28.378	-46.562	-46.562
42	-371.65	-28.58	-46.572	-46.572
43	-371.67	-28.793	-46.586	-46.586
44	-371.68	-29.018	-46.601	-46.601
45	-371.69	-29.254	-46.615	-46.615
46	-371.69	-29.503	-46.632	-46.632
47	-371.67	-29.766	-46.649	-46.649
48	-371.62	-30.044	-46.665	-46.665
49	-371.54	-30.337	-46.681	-46.681
50	-371.41	-30.646	-46.695	-46.695
51	-371.82	-31.012	-46.773	-46.773
52	-372.38	-31.416	-46.882	-46.882
53	-372.88	-31.845	-46.996	-46.996
54	-358.56	-44.073	-46.642	-46.642
55	-350.79	-56.278	-46.547	-46.547
56	-344.58	-69.283	-46.469	-46.469
57	-327.08	-69.32	-46.497	-46.497
58	-328.04	-69.904	-46.604	-46.604
59	-329.08	-70.556	-46.725	-46.725
60	-330.14	-71.266	-46.85	-46.85
61	-331.67	-72.071	-47.021	-47.021
62	-333.3	-72.974	-47.213	-47.213
63	-334.97	-73.967	-47.409	-47.409
64	-336.67	-75.059	-47.605	-47.605
65	-338.4	-76.269	-47.801	-47.801
66	-340.16	-77.618	-47.995	-47.995
67	-341.96	-79.137	-48.188	-48.188
68	-343.81	-80.866	-48.379	-48.379
69	-345.75	-82.86	-48.567	-48.567
70	-347.81	-85.193	-48.753	-48.753
71	-351.98	-88.138	-49.138	-49.138
72	-356.83	-91.837	-49.611	-49.611
73	-362.17	-96.455	-50.1	-50.1
74	-368.21	-102.38	-50.586	-50.586
75	-375.44	-110.37	-51.062	-51.062
76	-346.13	-111.01	-51.437	-51.437
77	-350.23	-112.38	-51.928	-51.928
78	-354.41	-113.88	-52.431	-52.431
79	-358.62	-115.48	-52.935	-52.935
80	-362.88	-117.22	-53.438	-53.438
81	-368.02	-119.2	-54.024	-54.024
82	-373.36	-121.44	-54.644	-54.644
83	-378.82	-123.94	-55.268	-55.268
84	-384.38	-126.74	-55.891	-55.891
85	-390.1	-129.94	-56.51	-56.51
86	-395.59	-133.62	-57.078	-57.078
87	-401.31	-137.96	-57.622	-57.622
88	-386.44	-138.87	-58.09	-58.09
89	-390.87	-140.18	-58.633	-58.633
90	-395.32	-141.55	-59.179	-59.179
91	-400.62	-143.07	-59.811	-59.811
92	-406.07	-144.72	-60.475	-60.475
93	-411.55	-146.46	-61.143	-61.143
94	-417.05	-148.3	-61.809	-61.809
95	-422.57	-150.23	-62.473	-62.473
96	-426.87	-152.14	-63.006	-63.006
97	-431.02	-154.09	-63.486	-63.486
98	-435.2	-156.19	-63.956	-63.956
99	-439.43	-158.49	-64.423	-64.423
100	-443.76	-161.06	-64.888	-64.888
101	-448.35	-163.97	-65.365	-65.365
102	-453.12	-167.31	-65.846	-65.846
103	-458.13	-171.2	-66.325	-66.325
104	-463.45	-175.84	-66.803	-66.803
105	-469.27	-181.51	-67.278	-67.278
106	-473.18	-188.32	-67.476	-67.476
107	-477.94	-197.16	-67.571	-67.571
108	-484.91	-209.75	-67.658	-67.658
109	-496.38	-229.49	-67.768	-67.768
110	-517.56	-236.33	-67.94	-67.94
111	-447.09	-236.22	-67.878	-67.878
112	-450.09	-236.77	-68.175	-68.175
113	-453.22	-237.42	-68.5	-68.5
114	-456.43	-238.09	-68.829	-68.829
115	-459.7	-238.75	-69.158	-69.158
116	-460.16	-238.96	-69.193	-69.193
117	-460.35	-238.84	-69.12	-69.12
118	-460.61	-238.67	-69.034	-69.034
119	-461	-238.49	-68.947	-68.947
120	-461.57	-238.31	-68.86	-68.86
121	-462.55	-236.36	-68.789	-68.789
122	-463.95	-230.67	-68.727	-68.727
123	-465.9	-223.99	-68.671	-68.671
124	-468.65	-215.99	-68.624	-68.624
125	-472.57	-206.22	-68.591	-68.591
126	-476.29	-193.65	-68.372	-68.372
127	-482.76	-177.15	-68.119	-68.119
128	-494.72	-154.45	-67.942	-67.942
129	-518.47	-119.57	-67.976	-67.976
130	-608.86	-42.407	-69.458	-69.458
