;OV Aft Flare Orifice Flow Mdot (lbm/s)
#I=0,130,1; Launch_Vehicle_Multi_Cavity_Launch_to_Seperation_Venting_Analysis_vent_g4c.vsm C:\0_afc_work\Launch_Vehicle_Multi_Cavity_Launch_to_Seperation_Venting_Analysis_using_VISSIM\VISSIM\0_tmp\Launch_Vehicle_Multi_Cavity_Launch_to_Seperation_Venting_Analysis_vent_g4c.vsm @ Mon Oct 29 08:29:54 2018
0	0	0	0	0	0	0
1	0	-0.00026187	-0.036709	-2.3205	0	0
2	0	-0.00031529	-0.031029	-2.3261	0	0
3	0	-0.00036051	-0.024163	-2.3329	0	0
4	0	-0.00040038	-0.014593	-2.3424	0	0
5	0	-0.00043706	0.010664	-2.3729	0	0
6	0	-0.00047005	0.021069	-2.3885	0	0
7	0	-0.00050038	0.027909	-2.3986	0	0
8	0	-0.00052861	0.033374	-2.4066	0	0
9	0	-0.00055508	0.038046	-2.4135	0	0
10	0	-0.00058006	0.042183	-2.4194	0	0
11	0	-0.00060373	0.045935	-2.4248	0	0
12	0	-0.00062624	0.049382	-2.4297	0	0
13	0	-0.00064772	0.052583	-2.4342	0	0
14	0	-0.00066826	0.055579	-2.4383	0	0
15	0	-0.00068796	0.058401	-2.4422	0	0
16	0	-0.00070688	0.061074	-2.4458	0	0
17	0	-0.00072508	0.063614	-2.4493	0	0
18	0	-0.00074263	0.066038	-2.4525	0	0
19	0	-0.00075955	0.068357	-2.4556	0	0
20	0	-0.0007759	0.070581	-2.4585	0	0
21	0	-0.0013228	-0.17025	-6.3327	0	0
22	0	-0.0016203	-0.22629	-6.2761	0	0
23	0	-0.0018635	-0.26972	-6.2322	0	0
24	0	-0.0020716	-0.30595	-6.1957	0	0
25	0	-0.0022542	-0.33727	-6.1641	0	0
26	0	-0.002417	-0.36494	-6.1361	0	0
27	0	-0.0025639	-0.38975	-6.1111	0	0
28	0	-0.0026975	-0.4122	-6.0885	0	0
29	0	-0.0028195	-0.43266	-6.0678	0	0
30	0	-0.0029316	-0.4514	-6.0489	0	0
31	0	-0.0030346	-0.46863	-6.0315	0	0
32	0	-0.0031297	-0.4845	-6.0155	0	0
33	0	-0.0032174	-0.49915	-6.0007	0	0
34	0	-0.0032983	-0.51267	-5.987	0	0
35	0	-0.003373	-0.52516	-5.9744	0	0
36	0	-0.0034418	-0.53669	-5.9628	0	0
37	0	-0.003505	-0.54732	-5.952	0	0
38	0	-0.0035631	-0.55709	-5.9421	0	0
39	0	-0.0036162	-0.56606	-5.933	0	0
40	0	-0.0036645	-0.57426	-5.9247	0	0
41	0	-0.0037082	-0.58172	-5.9171	0	0
42	0	-0.0037475	-0.58847	-5.9102	0	0
43	0	-0.0037826	-0.59454	-5.904	0	0
44	0	-0.0038135	-0.59995	-5.8985	0	0
45	0	-0.0038403	-0.6047	-5.8936	0	0
46	0	-0.0038631	-0.60883	-5.8894	0	0
47	0	-0.0038821	-0.61234	-5.8857	0	0
48	0	-0.0038971	-0.61524	-5.8827	0	0
49	0	-0.0039084	-0.61754	-5.8802	0	0
50	0	-0.0039159	-0.61925	-5.8784	0	0
51	0	-0.0039197	-0.62037	-5.8771	0	0
52	0	-0.0039197	-0.6209	-5.8764	0	0
53	0	-0.003916	-0.62085	-5.8762	0	0
54	0	-0.0084925	-1.6608	-1.8025	0	0
55	0	-0.010325	-2.0955	-1.2625	0	0
56	0	-0.010906	-2.2989	-0.8912	0	0
57	0	-0.010481	-2.2041	-5.8622	0	0
58	0	-0.010048	-2.1075	-5.9586	0	0
59	0	-0.0096129	-2.0102	-6.0554	0	0
60	0	-0.0091741	-1.9124	-6.1528	0	0
61	0	-0.0087316	-1.8137	-6.2508	0	0
62	0	-0.0082847	-1.7142	-6.3495	0	0
63	0	-0.0078328	-1.6135	-6.4491	0	0
64	0	-0.0073748	-1.5116	-6.5498	0	0
65	0	-0.0069096	-1.4081	-6.6517	0	0
66	0	-0.0064356	-1.3026	-6.7551	0	0
67	0	-0.0059507	-1.1947	-6.8604	0	0
68	0	-0.005452	-1.0836	-6.9682	0	0
69	0	-0.0049352	-0.96817	-7.0792	0	0
70	0	-0.0043942	-0.84674	-7.1948	0	0
71	0	-0.0038186	-0.71623	-7.3173	0	0
72	0	-0.0031899	-0.57052	-7.4514	0	0
73	0	-0.0024684	-0.39319	-7.6096	0	0
74	0	-0.0015314	-0.029109	-7.8744	0	0
75	0	0.00099546	0.34908	-8.4081	0	0
76	0	0.0011725	0.36784	-2.104	0	0
77	0	0.0011482	0.35988	-2.0882	0	0
78	0	0.0011237	0.35191	-2.0723	0	0
79	0	0.0010991	0.34391	-2.0563	0	0
80	0	0.0010744	0.33589	-2.0403	0	0
81	0	0.0010491	0.32769	-2.0243	0	0
82	0	0.0010237	0.31946	-2.0083	0	0
83	0	0.00099817	0.3112	-1.9921	0	0
84	0	0.00097248	0.30291	-1.9758	0	0
85	0	0.00094664	0.29459	-1.9593	0	0
86	0	0.00092008	0.28606	-1.9429	0	0
87	0	0.00089336	0.27749	-1.9263	0	0
88	0	0.00086931	0.26951	-1.5656	0	0
89	0	0.000841	0.26096	-1.5503	0	0
90	0	0.00081276	0.25244	-1.5349	0	0
91	0	0.00078421	0.24381	-1.5195	0	0
92	0	0.00075575	0.23521	-1.5042	0	0
93	0	0.00072738	0.22663	-1.4887	0	0
94	0	0.00069909	0.21808	-1.4731	0	0
95	0	0.00067087	0.20954	-1.4575	0	0
96	0	0.00064252	0.20096	-1.4418	0	0
97	0	0.00061424	0.1924	-1.426	0	0
98	0	0.00058602	0.18386	-1.41	0	0
99	0	0.00055783	0.17533	-1.3939	0	0
100	0	0.00052967	0.1668	-1.3776	0	0
101	0	0.00050148	0.15826	-1.3611	0	0
102	0	0.00047327	0.14971	-1.3444	0	0
103	0	0.000445	0.14114	-1.3274	0	0
104	0	0.00041663	0.13254	-1.3101	0	0
105	0	0.0003881	0.12389	-1.2924	0	0
106	0	0.00035947	0.11521	-1.2741	0	0
107	0	0.00033051	0.10644	-1.2552	0	0
108	0	0.0003011	0.097535	-1.2353	0	0
109	0	0.00027108	0.088456	-1.2141	0	0
110	0	0.00024021	0.079139	-1.1908	0	0
111	0	0.00024289	0.077384	-0.35546	0	0
112	0	0.00023072	0.073972	-0.34949	0	0
113	0	0.00021859	0.070573	-0.34355	0	0
114	0	0.00020649	0.067188	-0.33763	0	0
115	0	0.00019443	0.063815	-0.33174	0	0
116	0	0.00018244	0.060301	-0.32606	0	0
117	0	0.00017048	0.056818	-0.32037	0	0
118	0	0.00015852	0.053367	-0.31466	0	0
119	0	0.00014658	0.049945	-0.30892	0	0
120	0	0.00013463	0.046553	-0.30315	0	0
121	0	0.00012252	0.043194	-0.29735	0	0
122	0	0.00011041	0.039862	-0.29153	0	0
123	0	9.8268e-005	0.036555	-0.28567	0	0
124	0	8.6064e-005	0.033275	-0.27977	0	0
125	0	7.3731e-005	0.030018	-0.27381	0	0
126	0	6.1206e-005	0.026834	-0.26771	0	0
127	0	4.8169e-005	0.023658	-0.2615	0	0
128	0	3.3985e-005	0.020488	-0.25511	0	0
129	0	1.5713e-005	0.01732	-0.24839	0	0
130	0	-2.0142e-005	0.014148	-0.241	0	0
