;OV Aft Purge Orifice Flow Mdot (lbm/s)
#I=0,130,1; Launch_Vehicle_Multi_Cavity_Launch_to_Seperation_Venting_Analysis_vent_g4c.vsm C:\0_afc_work\Launch_Vehicle_Multi_Cavity_Launch_to_Seperation_Venting_Analysis_using_VISSIM\VISSIM\0_tmp\Launch_Vehicle_Multi_Cavity_Launch_to_Seperation_Venting_Analysis_vent_g4c.vsm @ Mon Oct 29 08:29:54 2018
0	0	0	0	0
1	-0.077588	-0.0054021	-0.0090773	-0.0090773
2	-0.071961	-0.0050085	-0.0084057	-0.0084057
3	-0.069818	-0.0048576	-0.0081642	-0.0081642
4	-0.068936	-0.0047944	-0.00807	-0.00807
5	-0.068436	-0.0047578	-0.00802	-0.00802
6	-0.068042	-0.0047284	-0.0079818	-0.0079818
7	-0.067683	-0.0047016	-0.0079476	-0.0079476
8	-0.067335	-0.0046754	-0.0079146	-0.0079146
9	-0.06699	-0.0046494	-0.0078819	-0.0078819
10	-0.066646	-0.0046234	-0.0078492	-0.0078492
11	-0.066424	-0.004606	-0.007823	-0.007823
12	-0.066102	-0.0045817	-0.0077868	-0.0077868
13	-0.065747	-0.004555	-0.0077466	-0.0077466
14	-0.065381	-0.0045276	-0.0077051	-0.0077051
15	-0.065011	-0.0044999	-0.0076633	-0.0076633
16	-0.06466	-0.0044735	-0.0076223	-0.0076223
17	-0.064292	-0.004446	-0.0075796	-0.0075796
18	-0.063918	-0.004418	-0.0075363	-0.0075363
19	-0.063543	-0.0043899	-0.0074928	-0.0074928
20	-0.063167	-0.0043618	-0.0074491	-0.0074491
21	-0.062326	-0.0043181	-0.0073193	-0.0073193
22	-0.061211	-0.004255	-0.0071896	-0.0071896
23	-0.060097	-0.004192	-0.0070601	-0.0070601
24	-0.058984	-0.0041291	-0.0069307	-0.0069307
25	-0.057871	-0.0040662	-0.0068012	-0.0068012
26	-0.056761	-0.0040033	-0.0066719	-0.0066719
27	-0.055647	-0.0039403	-0.0065422	-0.0065422
28	-0.054533	-0.0038772	-0.0064124	-0.0064124
29	-0.053419	-0.003814	-0.0062826	-0.0062826
30	-0.052304	-0.0037508	-0.0061527	-0.0061527
31	-0.051191	-0.0036876	-0.0060228	-0.0060228
32	-0.050076	-0.0036242	-0.0058927	-0.0058927
33	-0.048959	-0.0035607	-0.0057625	-0.0057625
34	-0.047842	-0.003497	-0.0056322	-0.0056322
35	-0.046725	-0.0034333	-0.0055018	-0.0055018
36	-0.045608	-0.0033695	-0.0053715	-0.0053715
37	-0.044489	-0.0033055	-0.005241	-0.005241
38	-0.043371	-0.0032414	-0.0051104	-0.0051104
39	-0.042251	-0.0031772	-0.0049799	-0.0049799
40	-0.041131	-0.0031128	-0.0048492	-0.0048492
41	-0.040023	-0.003049	-0.0047192	-0.0047192
42	-0.038903	-0.0029841	-0.0045882	-0.0045882
43	-0.03778	-0.0029188	-0.0044567	-0.0044567
44	-0.036655	-0.0028533	-0.0043251	-0.0043251
45	-0.035529	-0.0027874	-0.0041935	-0.0041935
46	-0.034402	-0.0027214	-0.0040619	-0.0040619
47	-0.033274	-0.002655	-0.0039302	-0.0039302
48	-0.032144	-0.0025884	-0.0037985	-0.0037985
49	-0.031013	-0.0025214	-0.0036667	-0.0036667
50	-0.029879	-0.002454	-0.003535	-0.003535
51	-0.02876	-0.0023869	-0.0034042	-0.0034042
52	-0.027623	-0.0023181	-0.0032719	-0.0032719
53	-0.026475	-0.0022481	-0.0031389	-0.0031389
54	-0.022899	-0.0027529	-0.0028034	-0.0028034
55	-0.019961	-0.0030677	-0.0024927	-0.0024927
56	-0.017227	-0.0032291	-0.0021864	-0.0021864
57	-0.015659	-0.0030906	-0.0020928	-0.0020928
58	-0.014981	-0.0029696	-0.0020006	-0.0020006
59	-0.014296	-0.0028478	-0.0019079	-0.0019079
60	-0.01361	-0.0027258	-0.001815	-0.001815
61	-0.012931	-0.0026033	-0.0017226	-0.0017226
62	-0.012246	-0.0024799	-0.0016296	-0.0016296
63	-0.011559	-0.0023564	-0.0015366	-0.0015366
64	-0.010873	-0.002233	-0.0014437	-0.0014437
65	-0.010186	-0.0021098	-0.0013509	-0.0013509
66	-0.0094998	-0.0019866	-0.0012583	-0.0012583
67	-0.0088143	-0.0018634	-0.0011658	-0.0011658
68	-0.0081294	-0.0017401	-0.0010735	-0.0010735
69	-0.0074455	-0.0016166	-0.00098129	-0.00098129
70	-0.0067625	-0.0014926	-0.00088928	-0.00088928
71	-0.0060959	-0.0013662	-0.00079805	-0.00079805
72	-0.0054165	-0.0012371	-0.0007059	-0.0007059
73	-0.0047352	-0.0011067	-0.00061373	-0.00061373
74	-0.0040556	-0.00097462	-0.00052188	-0.00052188
75	-0.0033795	-0.00083984	-0.00043043	-0.00043043
76	-0.0029337	-0.00079369	-0.00040742	-0.00040742
77	-0.002783	-0.00075158	-0.00038542	-0.00038542
78	-0.0026312	-0.00070968	-0.0003634	-0.0003634
79	-0.002479	-0.00066814	-0.00034143	-0.00034143
80	-0.0023267	-0.00062697	-0.00031955	-0.00031955
81	-0.0021766	-0.00058585	-0.00029781	-0.00029781
82	-0.0020246	-0.0005448	-0.00027601	-0.00027601
83	-0.0018721	-0.00050409	-0.00025427	-0.00025427
84	-0.0017195	-0.00046377	-0.00023262	-0.00023262
85	-0.0015671	-0.00042379	-0.00021108	-0.00021108
86	-0.001414	-0.00038421	-0.00018962	-0.00018962
87	-0.0012619	-0.00034494	-0.00016832	-0.00016832
88	-0.0011563	-0.00032987	-0.00016125	-0.00016125
89	-0.0011102	-0.00031554	-0.00015442	-0.00015442
90	-0.001064	-0.00030133	-0.00014761	-0.00014761
91	-0.0010186	-0.0002871	-0.00014083	-0.00014083
92	-0.00097232	-0.0002729	-0.00013402	-0.00013402
93	-0.00092589	-0.00025884	-0.00012723	-0.00012723
94	-0.00087939	-0.00024494	-0.00012046	-0.00012046
95	-0.00083286	-0.0002312	-0.00011374	-0.00011374
96	-0.00078537	-0.0002178	-0.00010703	-0.00010703
97	-0.00073872	-0.00020466	-0.00010042	-0.00010042
98	-0.00069223	-0.00019165	-9.3844e-005	-9.3844e-005
99	-0.00064577	-0.00017873	-8.7298e-005	-8.7298e-005
100	-0.00059932	-0.00016589	-8.0774e-005	-8.0774e-005
101	-0.00055295	-0.00015311	-7.4274e-005	-7.4274e-005
102	-0.00050654	-0.00014039	-6.7792e-005	-6.7792e-005
103	-0.00046016	-0.00012771	-6.1331e-005	-6.1331e-005
104	-0.00041383	-0.00011508	-5.4894e-005	-5.4894e-005
105	-0.00036757	-0.00010245	-4.8481e-005	-4.8481e-005
106	-0.00032076	-8.9937e-005	-4.2084e-005	-4.2084e-005
107	-0.00027486	-7.7402e-005	-3.5758e-005	-3.5758e-005
108	-0.00022932	-6.4601e-005	-2.9451e-005	-2.9451e-005
109	-0.00018418	-5.1291e-005	-2.3156e-005	-2.3156e-005
110	-0.00013947	-3.7371e-005	-1.6874e-005	-1.6874e-005
111	-0.00011533	-3.5632e-005	-1.6083e-005	-1.6083e-005
112	-0.00011037	-3.3955e-005	-1.5352e-005	-1.5352e-005
113	-0.00010533	-3.2271e-005	-1.4614e-005	-1.4614e-005
114	-0.00010027	-3.0595e-005	-1.3878e-005	-1.3878e-005
115	-9.5213e-005	-2.8927e-005	-1.3142e-005	-1.3142e-005
116	-8.9926e-005	-2.7317e-005	-1.2407e-005	-1.2407e-005
117	-8.4833e-005	-2.5747e-005	-1.1689e-005	-1.1689e-005
118	-7.977e-005	-2.418e-005	-1.0973e-005	-1.0973e-005
119	-7.4711e-005	-2.2611e-005	-1.0256e-005	-1.0256e-005
120	-6.9656e-005	-2.104e-005	-9.5399e-006	-9.5399e-006
121	-6.4618e-005	-1.9465e-005	-8.8232e-006	-8.8232e-006
122	-5.9589e-005	-1.7873e-005	-8.1058e-006	-8.1058e-006
123	-5.4579e-005	-1.626e-005	-7.3883e-006	-7.3883e-006
124	-4.9594e-005	-1.4618e-005	-6.6707e-006	-6.6707e-006
125	-4.4643e-005	-1.2937e-005	-5.9534e-006	-5.9534e-006
126	-3.9679e-005	-1.1214e-005	-5.2358e-006	-5.2358e-006
127	-3.4855e-005	-9.4112e-006	-4.5234e-006	-4.5234e-006
128	-3.0161e-005	-7.4522e-006	-3.8122e-006	-3.8122e-006
129	-2.57e-005	-5.169e-006	-3.1035e-006	-3.1035e-006
130	-2.311e-005	-1.6096e-006	-2.4309e-006	-2.4309e-006
