;OV Aft Flare Orifice Flow Velocities (ft/s)
#I=0,130,1; Launch_Vehicle_Multi_Cavity_Launch_to_Seperation_Venting_Analysis_vent_g4c.vsm C:\0_afc_work\Launch_Vehicle_Multi_Cavity_Launch_to_Seperation_Venting_Analysis_using_VISSIM\VISSIM\0_tmp\Launch_Vehicle_Multi_Cavity_Launch_to_Seperation_Venting_Analysis_vent_g4c.vsm @ Mon Oct 29 08:29:54 2018
0	0	0	0	0	0	0
1	-5.0749	-6.8522	-4.46	0	0	0
2	-5.1128	-8.2914	-3.7889	0	0	0
3	-5.1536	-9.5286	-2.9653	0	0	0
4	-5.2008	-10.636	-1.8	0	0	0
5	-5.2953	-11.67	1.4164	0	0	0
6	-5.3575	-12.616	2.8097	0	0	0
7	-5.408	-13.499	3.737	0	0	0
8	-5.4544	-14.335	4.4873	0	0	0
9	-5.4985	-15.132	5.1366	0	0	0
10	-5.5412	-15.897	5.7188	0	0	0
11	-5.5829	-16.633	6.2509	0	0	0
12	-5.624	-17.346	6.7454	0	0	0
13	-5.6647	-18.037	7.21	0	0	0
14	-5.705	-18.71	7.65	0	0	0
15	-5.7451	-19.367	8.0696	0	0	0
16	-5.7851	-20.008	8.4716	0	0	0
17	-5.8251	-20.636	8.8585	0	0	0
18	-5.865	-21.253	9.2322	0	0	0
19	-5.905	-21.858	9.5944	0	0	0
20	-5.9451	-22.454	9.9462	0	0	0
21	-15.551	-38.887	-23.23	0	0	0
22	-15.654	-48.401	-31.366	0	0	0
23	-15.792	-56.579	-37.993	0	0	0
24	-15.954	-63.943	-43.804	0	0	0
25	-16.135	-70.758	-49.096	0	0	0
26	-16.331	-77.178	-54.029	0	0	0
27	-16.542	-83.304	-58.701	0	0	0
28	-16.767	-89.207	-63.175	0	0	0
29	-17.005	-94.938	-67.5	0	0	0
30	-17.256	-100.54	-71.71	0	0	0
31	-17.522	-106.03	-75.831	0	0	0
32	-17.801	-111.46	-79.885	0	0	0
33	-18.095	-116.82	-83.889	0	0	0
34	-18.403	-122.16	-87.86	0	0	0
35	-18.727	-127.47	-91.808	0	0	0
36	-19.067	-132.78	-95.747	0	0	0
37	-19.424	-138.09	-99.687	0	0	0
38	-19.799	-143.43	-103.64	0	0	0
39	-20.192	-148.8	-107.61	0	0	0
40	-20.606	-154.21	-111.6	0	0	0
41	-21.04	-159.68	-115.64	0	0	0
42	-21.497	-165.21	-119.71	0	0	0
43	-21.979	-170.82	-123.84	0	0	0
44	-22.485	-176.52	-128.03	0	0	0
45	-23.02	-182.31	-132.29	0	0	0
46	-23.583	-188.22	-136.63	0	0	0
47	-24.179	-194.25	-141.06	0	0	0
48	-24.808	-200.42	-145.58	0	0	0
49	-25.475	-206.73	-150.21	0	0	0
50	-26.181	-213.22	-154.96	0	0	0
51	-26.931	-219.88	-159.83	0	0	0
52	-27.728	-226.75	-164.85	0	0	0
53	-28.577	-233.83	-170.03	0	0	0
54	-8.8192	-583.11	-510.5	0	0	0
55	-6.2177	-837.15	-735.86	0	0	0
56	-4.4183	-1085.5	-944.11	0	0	0
57	-30.235	-1073.2	-933.22	0	0	0
58	-32.026	-1059.6	-920.9	0	0	0
59	-33.976	-1044.8	-907.53	0	0	0
60	-36.109	-1028.8	-892.94	0	0	0
61	-38.451	-1011.3	-876.96	0	0	0
62	-41.034	-992.1	-859.37	0	0	0
63	-43.899	-971	-839.89	0	0	0
64	-47.094	-947.64	-818.2	0	0	0
65	-50.68	-921.6	-793.85	0	0	0
66	-54.732	-892.36	-766.28	0	0	0
67	-59.35	-859.2	-734.75	0	0	0
68	-64.661	-821.21	-698.21	0	0	0
69	-70.837	-777.06	-655.16	0	0	0
70	-78.111	-724.84	-603.35	0	0	0
71	-86.817	-661.55	-539.01	0	0	0
72	-97.454	-582.06	-454.98	0	0	0
73	-110.87	-475.91	-333.56	0	0	0
74	-129.47	-313.12	-26.385	0	0	0
75	-158.86	224.67	363.34	0	0	0
76	-41.139	276.32	399.7	0	0	0
77	-42.214	279.6	404.04	0	0	0
78	-43.356	283.03	408.58	0	0	0
79	-44.572	286.64	413.36	0	0	0
80	-45.87	290.43	418.38	0	0	0
81	-47.261	294.55	423.86	0	0	0
82	-48.753	298.9	429.64	0	0	0
83	-50.355	303.48	435.74	0	0	0
84	-52.082	308.33	442.2	0	0	0
85	-53.947	313.47	449.05	0	0	0
86	-55.976	319.12	456.6	0	0	0
87	-58.183	325.13	464.64	0	0	0
88	-49.161	329.4	469.78	0	0	0
89	-50.671	332.04	473.87	0	0	0
90	-52.296	334.82	478.19	0	0	0
91	-54.056	337.91	483	0	0	0
92	-55.963	341.18	488.08	0	0	0
93	-58.035	344.64	493.47	0	0	0
94	-60.295	348.32	499.21	0	0	0
95	-62.769	352.23	505.35	0	0	0
96	-65.496	356.53	512.08	0	0	0
97	-68.51	361.13	519.31	0	0	0
98	-71.859	366.09	527.13	0	0	0
99	-75.605	371.45	535.61	0	0	0
100	-79.822	377.28	544.87	0	0	0
101	-84.607	383.68	555.06	0	0	0
102	-90.082	390.71	566.32	0	0	0
103	-96.41	398.52	578.87	0	0	0
104	-103.81	407.23	592.96	0	0	0
105	-112.57	417.06	608.95	0	0	0
106	-123.12	428.11	627.1	0	0	0
107	-136.05	440.84	648.22	0	0	0
108	-152.3	455.7	673.17	0	0	0
109	-173.3	473.28	703.2	0	0	0
110	-201.5	494.39	740.18	0	0	0
111	-63.206	531.78	769.72	0	0	0
112	-65.254	529.99	771.79	0	0	0
113	-67.491	527.89	773.91	0	0	0
114	-69.945	525.44	776.08	0	0	0
115	-72.65	522.56	778.3	0	0	0
116	-75.691	519.02	782.58	0	0	0
117	-79.077	514.88	786.93	0	0	0
118	-82.869	510.02	791.36	0	0	0
119	-87.144	504.27	795.89	0	0	0
120	-92.005	497.41	800.54	0	0	0
121	-97.582	489.75	805.25	0	0	0
122	-104.05	480.22	810.13	0	0	0
123	-111.64	468.21	815.21	0	0	0
124	-120.69	452.77	820.52	0	0	0
125	-131.65	432.4	826.12	0	0	0
126	-145.17	404.15	830.49	0	0	0
127	-162.33	363.43	835.23	0	0	0
128	-184.83	298.63	840.34	0	0	0
129	-215.57	164.97	845.66	0	0	0
130	-260.01	-260.01	850.55	0	0	0
