;OV Fwd Body Orifice Flow Temperatures (R)
#I=0,130,1; Launch_Vehicle_Multi_Cavity_Launch_to_Seperation_Venting_Analysis_vent_g4c.vsm C:\0_afc_work\Launch_Vehicle_Multi_Cavity_Launch_to_Seperation_Venting_Analysis_using_VISSIM\VISSIM\0_tmp\Launch_Vehicle_Multi_Cavity_Launch_to_Seperation_Venting_Analysis_vent_g4c.vsm @ Mon Oct 29 08:29:54 2018
0	582.29	582.29	582.29	582.29	582.29	582.29
1	582.03	582.03	582.03	582.03	582.03	582.03
2	581.77	581.77	581.77	581.77	581.77	581.77
3	581.5	581.5	581.5	581.5	581.5	581.5
4	581.24	581.24	581.24	581.24	581.24	581.24
5	580.98	580.98	580.98	580.98	580.98	580.98
6	580.46	580.46	580.46	580.46	580.46	580.46
7	579.95	579.95	579.95	579.95	579.95	579.95
8	579.43	579.43	579.43	579.43	579.43	579.43
9	578.92	578.92	578.92	578.92	578.92	578.92
10	578.4	578.4	578.4	578.4	578.4	578.4
11	577.74	577.74	577.74	577.74	577.74	577.74
12	577.08	577.08	577.08	577.08	577.08	577.08
13	576.43	576.43	576.43	576.43	576.43	576.43
14	575.77	575.77	575.77	575.77	575.77	575.77
15	575.11	575.11	575.11	575.11	575.11	575.11
16	574.45	574.45	574.45	574.45	574.45	574.45
17	573.78	573.78	573.78	573.78	573.78	573.78
18	573.12	573.12	573.12	573.12	573.12	573.12
19	572.45	572.45	572.45	572.45	572.45	572.45
20	571.79	571.79	571.79	571.79	571.79	571.79
21	571.14	571.14	571.14	571.14	571.14	571.14
22	570.48	570.48	570.48	570.48	570.48	570.48
23	569.83	569.83	569.83	569.83	569.83	569.83
24	569.17	569.17	569.17	569.17	569.17	569.17
25	568.52	568.52	568.52	568.52	568.52	568.52
26	567.88	567.88	567.88	567.88	567.88	567.88
27	567.24	567.24	567.24	567.24	567.24	567.24
28	566.6	566.6	566.6	566.6	566.6	566.6
29	565.96	565.96	565.96	565.96	565.96	565.96
30	565.32	565.32	565.32	565.32	565.32	565.32
31	564.7	564.7	564.7	564.7	564.7	564.7
32	564.08	564.08	564.08	564.08	564.08	564.08
33	563.46	563.46	563.46	563.46	563.46	563.46
34	562.84	562.84	562.84	562.84	562.84	562.84
35	562.22	562.22	562.22	562.22	562.22	562.22
36	561.62	561.62	561.62	561.62	561.62	561.62
37	561.02	561.02	561.02	561.02	561.02	561.02
38	560.43	560.43	560.43	560.43	560.43	560.43
39	559.83	559.83	559.83	559.83	559.83	559.83
40	559.23	559.23	559.23	559.23	559.23	559.23
41	558.67	558.67	558.67	558.67	558.67	558.67
42	558.11	558.11	558.11	558.11	558.11	558.11
43	557.55	557.55	557.55	557.55	557.55	557.55
44	556.99	556.99	556.99	556.99	556.99	556.99
45	556.43	556.43	556.43	556.43	556.43	556.43
46	555.92	555.92	555.92	555.92	555.92	555.92
47	555.41	555.41	555.41	555.41	555.41	555.41
48	554.9	554.9	554.9	554.9	554.9	554.9
49	554.39	554.39	554.39	554.39	554.39	554.39
50	553.88	553.88	553.88	553.88	553.88	553.88
51	553.45	553.45	553.45	553.45	553.45	553.45
52	553.03	553.03	553.03	553.03	553.03	553.03
53	552.6	552.6	552.6	552.6	552.6	552.6
54	552.18	552.18	552.18	552.18	552.18	552.18
55	778.77	778.77	778.77	778.77	778.77	778.77
56	778.77	778.77	778.77	778.77	778.77	778.77
57	778.1	778.1	778.1	778.1	778.1	778.1
58	777.46	777.46	777.46	777.46	777.46	777.46
59	776.84	776.84	776.84	776.84	776.84	776.84
60	776.25	776.25	776.25	776.25	776.25	776.25
61	775.68	775.68	775.68	775.68	775.68	775.68
62	775.15	775.15	775.15	775.15	775.15	775.15
63	774.65	774.65	774.65	774.65	774.65	774.65
64	774.17	774.17	774.17	774.17	774.17	774.17
65	773.73	773.73	773.73	773.73	773.73	773.73
66	773.31	773.31	773.31	773.31	773.31	773.31
67	772.93	772.93	772.93	772.93	772.93	772.93
68	772.58	772.58	772.58	772.58	772.58	772.58
69	772.27	772.27	772.27	772.27	772.27	772.27
70	771.98	771.98	771.98	771.98	771.98	771.98
71	771.73	771.73	771.73	771.73	771.73	771.73
72	771.53	771.53	771.53	771.53	771.53	771.53
73	771.37	771.37	771.37	771.37	771.37	771.37
74	771.25	771.25	771.25	771.25	771.25	771.25
75	771.16	771.16	771.16	771.16	771.16	771.16
76	771.09	771.09	771.09	771.09	771.09	771.09
77	771.1	771.1	771.1	771.1	771.1	771.1
78	771.16	771.16	771.16	771.16	771.16	771.16
79	771.29	771.29	771.29	771.29	771.29	771.29
80	771.45	771.45	771.45	771.45	771.45	771.45
81	771.68	771.68	771.68	771.68	771.68	771.68
82	771.98	771.98	771.98	771.98	771.98	771.98
83	772.34	772.34	772.34	772.34	772.34	772.34
84	772.74	772.74	772.74	772.74	772.74	772.74
85	773.18	773.18	773.18	773.18	773.18	773.18
86	773.64	773.64	773.64	773.64	773.64	773.64
87	774.13	774.13	774.13	774.13	774.13	774.13
88	775.11	775.11	775.11	775.11	775.11	775.11
89	776.16	776.16	776.16	776.16	776.16	776.16
90	777.27	777.27	777.27	777.27	777.27	777.27
91	778.47	778.47	778.47	778.47	778.47	778.47
92	779.75	779.75	779.75	779.75	779.75	779.75
93	781.12	781.12	781.12	781.12	781.12	781.12
94	782.57	782.57	782.57	782.57	782.57	782.57
95	784.07	784.07	784.07	784.07	784.07	784.07
96	785.64	785.64	785.64	785.64	785.64	785.64
97	787.3	787.3	787.3	787.3	787.3	787.3
98	789.01	789.01	789.01	789.01	789.01	789.01
99	790.77	790.77	790.77	790.77	790.77	790.77
100	792.57	792.57	792.57	792.57	792.57	792.57
101	794.38	794.38	794.38	794.38	794.38	794.38
102	796.21	796.21	796.21	796.21	796.21	796.21
103	798.01	798.01	798.01	798.01	798.01	798.01
104	799.75	799.75	799.75	799.75	799.75	799.75
105	801.36	801.36	801.36	801.36	801.36	801.36
106	802.77	802.77	802.77	802.77	802.77	802.77
107	803.79	803.79	803.79	803.79	803.79	803.79
108	804.01	804.01	804.01	804.01	804.01	804.01
109	804.01	804.01	804.01	804.01	804.01	804.01
110	804.01	804.01	804.01	804.01	804.01	804.01
111	808.4	808.4	808.4	808.4	808.4	808.4
112	812.69	812.69	812.69	812.69	812.69	812.69
113	816.88	816.88	816.88	816.88	816.88	816.88
114	820.99	820.99	820.99	820.99	820.99	820.99
115	825	825	825	825	825	825
116	828.92	828.92	828.92	828.92	828.92	828.92
117	832.74	832.74	832.74	832.74	832.74	832.74
118	836.45	836.45	836.45	836.45	836.45	836.45
119	840.06	840.06	840.06	840.06	840.06	840.06
120	843.55	843.55	843.55	843.55	843.55	843.55
121	846.9	846.9	846.9	846.9	846.9	846.9
122	850.09	850.09	850.09	850.09	850.09	850.09
123	853.08	853.08	853.08	853.08	853.08	853.08
124	855.85	855.85	855.85	855.85	855.85	855.85
125	858.34	858.34	858.34	858.34	858.34	858.34
126	860.48	860.48	860.48	860.48	860.48	860.48
127	862.08	862.08	862.08	862.08	862.08	862.08
128	862.68	862.68	862.68	862.68	862.68	862.68
129	862.68	862.68	862.68	862.68	862.68	862.68
130	862.68	862.68	862.68	862.68	862.68	862.68
