;OV FWD Body Purge Ring Plenum: Mass(lbm),Temperature(R),Pressure(psia)
#I=0,130,1; Launch_Vehicle_Multi_Cavity_Launch_to_Seperation_Venting_Analysis_vent_g4c.vsm C:\0_afc_work\Launch_Vehicle_Multi_Cavity_Launch_to_Seperation_Venting_Analysis_using_VISSIM\VISSIM\0_tmp\Launch_Vehicle_Multi_Cavity_Launch_to_Seperation_Venting_Analysis_vent_g4c.vsm @ Mon Oct 29 08:29:54 2018
0	0.060911	515	11.62
1	0.051014	609.7	11.505
2	0.045288	683.39	11.434
3	0.042322	727.54	11.367
4	0.040903	748.78	11.302
5	0.040284	756.13	11.239
6	0.040065	756.02	11.176
7	0.040044	752.15	11.114
8	0.040121	746.43	11.052
9	0.040246	739.83	10.99
10	0.040398	732.81	10.928
11	0.040477	727.14	10.866
12	0.040451	723.4	10.804
13	0.04037	720.62	10.741
14	0.040263	718.32	10.679
15	0.040141	716.26	10.616
16	0.039999	714.56	10.554
17	0.039835	713.24	10.492
18	0.039659	712.13	10.429
19	0.039477	711.11	10.367
20	0.039292	710.14	10.304
21	0.038658	709.21	10.125
22	0.038018	708.29	9.9446
23	0.037376	707.37	9.7641
24	0.036732	706.46	9.5836
25	0.036087	705.54	9.4032
26	0.035438	704.65	9.2227
27	0.034785	703.82	9.0423
28	0.03413	703.01	8.8618
29	0.033472	702.22	8.6813
30	0.032813	701.43	8.5008
31	0.032149	700.69	8.3204
32	0.031482	700.01	8.1399
33	0.030812	699.36	7.9594
34	0.03014	698.73	7.7789
35	0.029467	698.11	7.5984
36	0.028792	697.5	7.4179
37	0.028114	696.92	7.2374
38	0.027435	696.35	7.0569
39	0.026755	695.79	6.8764
40	0.026073	695.23	6.6959
41	0.025382	694.9	6.5154
42	0.02468	694.88	6.3349
43	0.023971	695.02	6.1543
44	0.02326	695.26	5.9738
45	0.022549	695.53	5.7932
46	0.021836	695.85	5.6127
47	0.021123	696.19	5.4321
48	0.020411	696.55	5.2515
49	0.019699	696.92	5.071
50	0.018988	697.28	4.8904
51	0.018265	698.08	4.7097
52	0.017528	699.55	4.5291
53	0.016786	701.39	4.3485
54	0.015122	703.43	3.9288
55	0.013459	705.61	3.5075
56	0.011808	707.86	3.087
57	0.011265	710.18	2.9544
58	0.010735	712.51	2.8247
59	0.010209	714.84	2.695
60	0.0096868	717.17	2.5653
61	0.0091629	719.87	2.4356
62	0.0086372	723.06	2.3059
63	0.0081135	726.48	2.1762
64	0.0075934	730.02	2.0465
65	0.0070778	733.61	1.9168
66	0.006567	737.23	1.7871
67	0.006061	740.87	1.6575
68	0.0055599	744.51	1.5278
69	0.0050636	748.16	1.3982
70	0.0045721	751.81	1.2686
71	0.0040763	757.15	1.1389
72	0.0035772	764.67	1.0093
73	0.0030836	773.24	0.87968
74	0.0025992	782.3	0.75009
75	0.0021253	791.59	0.62053
76	0.0019922	801.3	0.58871
77	0.0018657	810.82	0.5578
78	0.0017424	820.24	0.5269
79	0.0016219	829.63	0.496
80	0.0015041	838.98	0.46511
81	0.0013877	849.13	0.43422
82	0.0012726	860.22	0.40333
83	0.0011598	871.72	0.37245
84	0.0010498	883.39	0.34158
85	0.00094262	895.12	0.31071
86	0.00083857	906.43	0.27985
87	0.00073749	917.2	0.249
88	0.0007002	927.86	0.23912
89	0.00066435	938.36	0.22941
90	0.00062933	948.81	0.2197
91	0.00059455	960.1	0.20999
92	0.00056002	972.36	0.20028
93	0.00052615	984.99	0.19058
94	0.00049308	997.74	0.18087
95	0.00046081	1010.5	0.17117
96	0.00042991	1022	0.16147
97	0.00040027	1031.9	0.15178
98	0.00037138	1041.4	0.14209
99	0.00034306	1050.6	0.1324
100	0.00031525	1059.8	0.12272
101	0.00028788	1069.1	0.11303
102	0.00026095	1078.6	0.10335
103	0.00023447	1088.1	0.093669
104	0.00020844	1097.7	0.08399
105	0.00018286	1107.2	0.074314
106	0.00015816	1113.7	0.064642
107	0.00013412	1116.9	0.054974
108	0.00011032	1119.1	0.045308
109	8.6649e-005	1121.1	0.035645
110	6.3067e-005	1123	0.025988
111	6.0007e-005	1126.2	0.024798
112	5.7034e-005	1131.7	0.023682
113	5.4057e-005	1137.9	0.022566
114	5.1103e-005	1144.3	0.02145
115	4.8179e-005	1150.7	0.020335
116	4.5421e-005	1153.7	0.01922
117	4.2804e-005	1153.3	0.018106
118	4.0219e-005	1151.9	0.016992
119	3.7637e-005	1150.2	0.015878
120	3.505e-005	1148.4	0.014764
121	3.2451e-005	1146.7	0.01365
122	2.9841e-005	1145.2	0.012536
123	2.7223e-005	1143.8	0.011422
124	2.4599e-005	1142.3	0.010308
125	2.1968e-005	1140.9	0.009194
126	1.9371e-005	1137.1	0.0080806
127	1.6794e-005	1130.9	0.0069678
128	1.4197e-005	1124	0.0058556
129	1.1574e-005	1117.2	0.0047452
130	8.9368e-006	1111.1	0.0036443
