;OV Fwd Body Plenum: Mass(lbm),Temperature(R),Pressure(psia)
#I=0,130,1; Launch_Vehicle_Multi_Cavity_Launch_to_Seperation_Venting_Analysis_vent_g4c.vsm C:\0_afc_work\Launch_Vehicle_Multi_Cavity_Launch_to_Seperation_Venting_Analysis_using_VISSIM\VISSIM\0_tmp\Launch_Vehicle_Multi_Cavity_Launch_to_Seperation_Venting_Analysis_vent_g4c.vsm @ Mon Oct 29 08:29:54 2018
0	28.141	515	11.62
1	27.123	531.45	11.557
2	26.165	548.23	11.5
3	25.273	564.81	11.444
4	24.443	581.11	11.387
5	23.674	597.03	11.33
6	22.962	612.48	11.274
7	22.306	627.36	11.217
8	21.701	641.62	11.16
9	21.144	655.18	11.104
10	20.633	668.01	11.047
11	20.164	680.07	10.991
12	19.734	691.33	10.934
13	19.34	701.78	10.877
14	18.979	711.42	10.821
15	18.649	720.28	10.764
16	18.345	728.36	10.708
17	18.067	735.7	10.651
18	17.811	742.34	10.595
19	17.575	748.31	10.538
20	17.357	753.64	10.482
21	16.998	758.12	10.326
22	16.652	762.1	10.169
23	16.319	765.63	10.011
24	15.998	768.75	9.8543
25	15.687	771.47	9.6971
26	15.386	773.85	9.5399
27	15.092	775.91	9.3828
28	14.806	777.68	9.2256
29	14.525	779.18	9.0685
30	14.251	780.44	8.9114
31	13.981	781.49	8.7542
32	13.715	782.35	8.5971
33	13.452	783.03	8.44
34	13.193	783.56	8.2829
35	12.936	783.94	8.1257
36	12.682	784.2	7.9686
37	12.43	784.35	7.8115
38	12.179	784.4	7.6544
39	11.93	784.36	7.4973
40	11.681	784.24	7.3401
41	11.434	784.05	7.183
42	11.187	783.81	7.0259
43	10.941	783.51	6.8688
44	10.696	783.16	6.7117
45	10.451	782.78	6.5546
46	10.206	782.36	6.3975
47	9.9606	781.91	6.2403
48	9.7156	781.44	6.0832
49	9.4706	780.95	5.9261
50	9.2255	780.44	5.769
51	8.9803	779.92	5.6119
52	8.7347	779.4	5.4548
53	8.4888	778.87	5.2977
54	7.7079	778.77	4.8097
55	6.9224	778.77	4.3195
56	6.135	778.77	3.8282
57	5.9693	778.1	3.7216
58	5.7959	777.46	3.6105
59	5.6221	776.84	3.4995
60	5.4479	776.25	3.3884
61	5.2732	775.68	3.2774
62	5.098	775.15	3.1663
63	4.9223	774.65	3.0553
64	4.7463	774.17	2.9442
65	4.5699	773.73	2.8332
66	4.3931	773.31	2.7221
67	4.216	772.93	2.611
68	4.0385	772.58	2.5
69	3.8606	772.27	2.3889
70	3.6825	771.98	2.2779
71	3.5041	771.73	2.1668
72	3.3253	771.53	2.0557
73	3.1463	771.37	1.9447
74	2.9671	771.25	1.8336
75	2.7876	771.16	1.7225
76	2.6749	771.09	1.6527
77	2.5619	771.1	1.5829
78	2.4488	771.16	1.5131
79	2.3355	771.29	1.4433
80	2.2221	771.45	1.3736
81	2.1086	771.68	1.3038
82	1.995	771.98	1.234
83	1.8813	772.34	1.1642
84	1.7676	772.74	1.0944
85	1.6539	773.18	1.0246
86	1.5403	773.64	0.95485
87	1.4268	774.13	0.88504
88	1.3774	775.11	0.85545
89	1.328	776.16	0.82587
90	1.2786	777.27	0.79628
91	1.2292	778.47	0.76669
92	1.1798	779.75	0.7371
93	1.1304	781.12	0.70751
94	1.0812	782.57	0.67793
95	1.032	784.07	0.64834
96	0.98293	785.64	0.61875
97	0.93396	787.3	0.58916
98	0.88513	789.01	0.55956
99	0.83645	790.77	0.52997
100	0.78796	792.57	0.50038
101	0.73966	794.38	0.47078
102	0.69157	796.21	0.44118
103	0.64372	798.01	0.41158
104	0.59612	799.75	0.38198
105	0.5488	801.36	0.35237
106	0.50179	802.77	0.32275
107	0.45512	803.79	0.2931
108	0.40863	804.01	0.26323
109	0.36277	804.01	0.23369
110	0.31692	804.01	0.20416
111	0.30371	808.4	0.19671
112	0.29029	812.69	0.18901
113	0.27704	816.88	0.18132
114	0.26396	820.99	0.17362
115	0.25103	825	0.16592
116	0.23825	828.92	0.15823
117	0.22562	832.74	0.15053
118	0.21314	836.45	0.14283
119	0.20078	840.06	0.13513
120	0.18856	843.55	0.12743
121	0.17647	846.9	0.11973
122	0.1645	850.09	0.11203
123	0.15266	853.08	0.10433
124	0.14093	855.85	0.09663
125	0.12932	858.34	0.088928
126	0.11782	860.48	0.081222
127	0.10644	862.08	0.073512
128	0.095125	862.68	0.065743
129	0.08399	862.68	0.058047
130	0.072874	862.68	0.050364
