;OV Intertank Plenum: Mass(lbm),Temperature(R),Pressure(psia)
#I=0,130,1; Launch_Vehicle_Multi_Cavity_Launch_to_Seperation_Venting_Analysis_vent_g4c.vsm C:\0_afc_work\Launch_Vehicle_Multi_Cavity_Launch_to_Seperation_Venting_Analysis_using_VISSIM\VISSIM\0_tmp\Launch_Vehicle_Multi_Cavity_Launch_to_Seperation_Venting_Analysis_vent_g4c.vsm @ Mon Oct 29 08:29:54 2018
0	0.0024899	515	0.001
1	5.0045	694.27	2.0572
2	9.9847	694.08	4.1033
3	14.943	693.88	6.1392
4	19.74	701.84	8.2025
5	23.688	714.74	10.024
6	25.979	723.49	11.128
7	26.204	724.66	11.242
8	26.077	724.66	11.188
9	25.951	724.66	11.133
10	25.824	724.66	11.079
11	25.698	724.66	11.025
12	25.571	724.66	10.971
13	25.444	724.66	10.916
14	25.318	724.66	10.862
15	25.191	724.66	10.808
16	25.065	724.66	10.753
17	24.938	724.66	10.699
18	24.812	724.66	10.645
19	24.685	724.66	10.591
20	24.559	724.66	10.536
21	24.256	724.66	10.406
22	23.921	724.66	10.262
23	23.585	724.66	10.119
24	23.25	724.66	9.9747
25	22.914	724.66	9.8309
26	22.579	724.66	9.687
27	22.244	724.66	9.5431
28	21.909	724.66	9.3993
29	21.573	724.66	9.2555
30	21.238	724.66	9.1116
31	20.903	724.66	8.9678
32	20.568	724.66	8.824
33	20.232	724.66	8.6802
34	19.897	724.66	8.5364
35	19.562	724.66	8.3926
36	19.227	724.66	8.2489
37	18.892	724.66	8.1051
38	18.557	724.66	7.9614
39	18.222	724.66	7.8176
40	17.887	724.66	7.6739
41	17.552	724.66	7.5302
42	17.217	724.66	7.3866
43	16.882	724.66	7.2429
44	16.547	724.66	7.0992
45	16.213	724.66	6.9556
46	15.878	724.66	6.812
47	15.543	724.66	6.6684
48	15.209	724.66	6.5249
49	14.874	724.66	6.3813
50	14.54	724.66	6.2378
51	14.205	724.66	6.0944
52	13.871	724.66	5.9509
53	13.537	724.66	5.8075
54	13.095	724.66	5.6181
55	12.588	724.66	5.4004
56	12.069	724.66	5.1781
57	11.637	724.66	4.9927
58	11.281	724.66	4.8399
59	10.938	724.66	4.6927
60	10.597	724.66	4.5463
61	10.256	724.66	4.4
62	9.9153	724.66	4.2539
63	9.5749	724.66	4.1079
64	9.2348	724.66	3.9619
65	8.8949	724.66	3.8161
66	8.5553	724.66	3.6705
67	8.2161	724.66	3.5249
68	7.8773	724.66	3.3795
69	7.5388	724.66	3.2344
70	7.2009	724.66	3.0894
71	6.8635	724.66	2.9446
72	6.5267	724.66	2.8001
73	6.1907	724.66	2.6559
74	5.8554	724.66	2.5121
75	5.5211	724.66	2.3687
76	5.234	724.66	2.2455
77	4.9994	724.66	2.1449
78	4.7811	724.66	2.0512
79	4.5672	724.66	1.9595
80	4.3547	724.66	1.8683
81	4.1429	724.66	1.7774
82	3.9315	724.66	1.6867
83	3.7207	724.66	1.5963
84	3.5105	724.66	1.5061
85	3.301	724.66	1.4162
86	3.0922	724.66	1.3266
87	2.8845	724.66	1.2375
88	2.7158	724.66	1.1652
89	2.5972	724.66	1.1143
90	2.4962	724.66	1.0709
91	2.3995	724.66	1.0295
92	2.3038	724.66	0.9884
93	2.2084	724.66	0.94746
94	2.1132	724.66	0.9066
95	2.0181	724.66	0.8658
96	1.9231	724.66	0.82506
97	1.8284	724.66	0.78441
98	1.7338	724.66	0.74384
99	1.6395	724.66	0.70337
100	1.5454	724.66	0.66302
101	1.4517	724.66	0.62281
102	1.3583	724.66	0.58275
103	1.2654	724.66	0.5429
104	1.1731	724.66	0.50327
105	1.0813	724.66	0.46393
106	0.99045	724.66	0.42493
107	0.90056	724.66	0.38636
108	0.81195	724.66	0.34835
109	0.72497	724.66	0.31103
110	0.64014	724.66	0.27464
111	0.56822	724.66	0.24378
112	0.51687	724.66	0.22175
113	0.48074	724.66	0.20625
114	0.45367	724.66	0.19463
115	0.43059	724.66	0.18473
116	0.40889	724.66	0.17543
117	0.38766	724.66	0.16632
118	0.3666	724.66	0.15728
119	0.34564	724.66	0.14829
120	0.32476	724.66	0.13933
121	0.30397	724.66	0.13041
122	0.28328	724.66	0.12154
123	0.26271	724.66	0.11271
124	0.24229	724.66	0.10395
125	0.22204	724.66	0.09526
126	0.20201	724.66	0.086667
127	0.18226	724.66	0.078194
128	0.16287	724.66	0.069874
129	0.14394	724.66	0.061756
130	0.12565	724.66	0.053908
