;OV Intertank Purge Ring Plenum: Mass(lbm),Temperature(R),Pressure(psia)
#I=0,130,1; Launch_Vehicle_Multi_Cavity_Launch_to_Seperation_Venting_Analysis_vent_g4c.vsm C:\0_afc_work\Launch_Vehicle_Multi_Cavity_Launch_to_Seperation_Venting_Analysis_using_VISSIM\VISSIM\0_tmp\Launch_Vehicle_Multi_Cavity_Launch_to_Seperation_Venting_Analysis_vent_g4c.vsm @ Mon Oct 29 08:29:54 2018
0	0.060911	515	11.62
1	0.049834	623.89	11.495
2	0.044049	702.45	11.423
3	0.041415	743.32	11.355
4	0.040336	759.12	11.291
5	0.039962	762	11.228
6	0.039895	759	11.165
7	0.03996	753.48	11.103
8	0.040084	746.86	11.042
9	0.040235	739.78	10.98
10	0.040399	732.5	10.918
11	0.040477	726.86	10.856
12	0.04044	723.31	10.794
13	0.040351	720.68	10.732
14	0.040239	718.46	10.669
15	0.040115	716.44	10.607
16	0.039971	714.77	10.545
17	0.039805	713.5	10.482
18	0.039628	712.4	10.42
19	0.039446	711.38	10.358
20	0.039261	710.4	10.295
21	0.038629	709.46	10.116
22	0.03799	708.52	9.9358
23	0.037349	707.58	9.7555
24	0.036707	706.64	9.5751
25	0.036063	705.69	9.3948
26	0.035415	704.79	9.2144
27	0.034763	703.95	9.0341
28	0.034108	703.13	8.8537
29	0.033451	702.32	8.6733
30	0.032793	701.52	8.493
31	0.03213	700.77	8.3126
32	0.031463	700.08	8.1322
33	0.030793	699.43	7.9518
34	0.030122	698.79	7.7714
35	0.029449	698.16	7.591
36	0.028774	697.55	7.4107
37	0.028097	696.96	7.2303
38	0.027418	696.38	7.0499
39	0.026738	695.81	6.8695
40	0.026057	695.24	6.689
41	0.025366	694.92	6.5086
42	0.024662	694.94	6.3282
43	0.023952	695.12	6.1478
44	0.023241	695.37	5.9673
45	0.022529	695.66	5.7869
46	0.021817	695.98	5.6064
47	0.021104	696.33	5.4259
48	0.020392	696.69	5.2455
49	0.01968	697.05	5.065
50	0.018969	697.41	4.8846
51	0.018246	698.29	4.7041
52	0.017507	699.85	4.5236
53	0.016764	701.71	4.343
54	0.015094	703.63	3.9208
55	0.01343	705.73	3.4989
56	0.011781	707.92	3.0787
57	0.011246	710.18	2.9482
58	0.010718	712.47	2.8187
59	0.010193	714.79	2.6893
60	0.0096712	717.11	2.5598
61	0.0091476	719.85	2.4304
62	0.0086219	723.08	2.3009
63	0.0080985	726.54	2.1715
64	0.007579	730.1	2.042
65	0.0070641	733.71	1.9126
66	0.0065541	737.33	1.7832
67	0.006049	740.97	1.6538
68	0.0055487	744.61	1.5244
69	0.0050533	748.26	1.395
70	0.0045628	751.9	1.2657
71	0.0040667	757.41	1.1362
72	0.0035672	765.2	1.0068
73	0.003074	773.98	0.87747
74	0.0025904	783.18	0.74813
75	0.0021175	792.56	0.61882
76	0.0020036	802.57	0.59294
77	0.001876	812.21	0.56185
78	0.0017518	821.69	0.53076
79	0.0016304	831.11	0.49967
80	0.0015119	840.5	0.46858
81	0.0013947	850.66	0.4375
82	0.0012789	861.76	0.40641
83	0.0011655	873.27	0.37532
84	0.0010549	884.96	0.34424
85	0.00094699	896.72	0.31315
86	0.00084231	908.08	0.28206
87	0.00074063	918.91	0.25098
88	0.00070295	930.05	0.2411
89	0.00066679	940.74	0.23133
90	0.00063156	951.26	0.22156
91	0.0005966	962.61	0.21179
92	0.0005619	974.9	0.20202
93	0.00052787	987.55	0.19225
94	0.00049464	1000.3	0.18248
95	0.00046223	1013.2	0.17271
96	0.0004312	1024.6	0.16294
97	0.00040143	1034.6	0.15317
98	0.00037241	1044.1	0.1434
99	0.00034398	1053.4	0.13363
100	0.00031607	1062.6	0.12386
101	0.0002886	1071.9	0.1141
102	0.00026157	1081.4	0.10433
103	0.000235	1091	0.09456
104	0.00020889	1100.6	0.084792
105	0.00018323	1110.2	0.075025
106	0.00015845	1116.6	0.065258
107	0.00013435	1119.9	0.055492
108	0.00011049	1122.1	0.045729
109	8.6761e-005	1124	0.035968
110	6.3119e-005	1125.7	0.026208
111	6.0106e-005	1129.5	0.025039
112	5.7115e-005	1135.2	0.023914
113	5.4128e-005	1141.5	0.022789
114	5.1166e-005	1147.9	0.021663
115	4.8236e-005	1154.3	0.020538
116	4.548e-005	1157.2	0.019412
117	4.2865e-005	1156.6	0.018286
118	4.0279e-005	1155.1	0.017161
119	3.7694e-005	1153.4	0.016035
120	3.5104e-005	1151.5	0.01491
121	3.2501e-005	1149.9	0.013785
122	2.9887e-005	1148.4	0.012659
123	2.7266e-005	1146.9	0.011534
124	2.4637e-005	1145.4	0.010409
125	2.2002e-005	1144	0.009284
126	1.9402e-005	1140.2	0.0081593
127	1.6819e-005	1134	0.007035
128	1.4215e-005	1127.5	0.0059113
129	1.1667e-005	1117.8	0.0048104
130	9.0924e-006	1109.8	0.0037225
