;OV Intertank Orifice Flow Temperatures (R)
#I=0,130,1; Launch_Vehicle_Multi_Cavity_Launch_to_Seperation_Venting_Analysis_vent_g4c.vsm C:\0_afc_work\Launch_Vehicle_Multi_Cavity_Launch_to_Seperation_Venting_Analysis_using_VISSIM\VISSIM\0_tmp\Launch_Vehicle_Multi_Cavity_Launch_to_Seperation_Venting_Analysis_vent_g4c.vsm @ Mon Oct 29 08:29:54 2018
0	595.36	595.36	595.36	595.36	595.36	595.36
1	594.96	594.96	594.96	594.96	594.96	594.96
2	594.57	594.57	594.57	594.57	594.57	594.57
3	594.17	594.17	594.17	594.17	594.17	594.17
4	593.78	593.78	593.78	593.78	593.78	593.78
5	593.38	593.38	593.38	593.38	593.38	593.38
6	592.7	592.7	592.7	592.7	592.7	592.7
7	724.66	724.66	724.66	724.66	724.66	724.66
8	724.66	724.66	724.66	724.66	724.66	724.66
9	724.66	724.66	724.66	724.66	724.66	724.66
10	724.66	724.66	724.66	724.66	724.66	724.66
11	724.66	724.66	724.66	724.66	724.66	724.66
12	724.66	724.66	724.66	724.66	724.66	724.66
13	724.66	724.66	724.66	724.66	724.66	724.66
14	724.66	724.66	724.66	724.66	724.66	724.66
15	724.66	724.66	724.66	724.66	724.66	724.66
16	724.66	724.66	724.66	724.66	724.66	724.66
17	724.66	724.66	724.66	724.66	724.66	724.66
18	724.66	724.66	724.66	724.66	724.66	724.66
19	724.66	724.66	724.66	724.66	724.66	724.66
20	724.66	724.66	724.66	724.66	724.66	724.66
21	724.66	724.66	724.66	724.66	724.66	724.66
22	724.66	724.66	724.66	724.66	724.66	724.66
23	724.66	724.66	724.66	724.66	724.66	724.66
24	724.66	724.66	724.66	724.66	724.66	724.66
25	724.66	724.66	724.66	724.66	724.66	724.66
26	724.66	724.66	724.66	724.66	724.66	724.66
27	724.66	724.66	724.66	724.66	724.66	724.66
28	724.66	724.66	724.66	724.66	724.66	724.66
29	724.66	724.66	724.66	724.66	724.66	724.66
30	724.66	724.66	724.66	724.66	724.66	724.66
31	724.66	724.66	724.66	724.66	724.66	724.66
32	724.66	724.66	724.66	724.66	724.66	724.66
33	724.66	724.66	724.66	724.66	724.66	724.66
34	724.66	724.66	724.66	724.66	724.66	724.66
35	724.66	724.66	724.66	724.66	724.66	724.66
36	724.66	724.66	724.66	724.66	724.66	724.66
37	724.66	724.66	724.66	724.66	724.66	724.66
38	724.66	724.66	724.66	724.66	724.66	724.66
39	724.66	724.66	724.66	724.66	724.66	724.66
40	724.66	724.66	724.66	724.66	724.66	724.66
41	724.66	724.66	724.66	724.66	724.66	724.66
42	724.66	724.66	724.66	724.66	724.66	724.66
43	724.66	724.66	724.66	724.66	724.66	724.66
44	724.66	724.66	724.66	724.66	724.66	724.66
45	724.66	724.66	724.66	724.66	724.66	724.66
46	724.66	724.66	724.66	724.66	724.66	724.66
47	724.66	724.66	724.66	724.66	724.66	724.66
48	724.66	724.66	724.66	724.66	724.66	724.66
49	724.66	724.66	724.66	724.66	724.66	724.66
50	724.66	724.66	724.66	724.66	724.66	724.66
51	724.66	724.66	724.66	724.66	724.66	724.66
52	724.66	724.66	724.66	724.66	724.66	724.66
53	724.66	724.66	724.66	724.66	724.66	724.66
54	724.66	724.66	724.66	724.66	724.66	724.66
55	724.66	724.66	724.66	724.66	724.66	724.66
56	724.66	724.66	724.66	724.66	724.66	724.66
57	724.66	724.66	724.66	724.66	724.66	724.66
58	724.66	724.66	724.66	724.66	724.66	724.66
59	724.66	724.66	724.66	724.66	724.66	724.66
60	724.66	724.66	724.66	724.66	724.66	724.66
61	724.66	724.66	724.66	724.66	724.66	724.66
62	724.66	724.66	724.66	724.66	724.66	724.66
63	724.66	724.66	724.66	724.66	724.66	724.66
64	724.66	724.66	724.66	724.66	724.66	724.66
65	724.66	724.66	724.66	724.66	724.66	724.66
66	724.66	724.66	724.66	724.66	724.66	724.66
67	724.66	724.66	724.66	724.66	724.66	724.66
68	724.66	724.66	724.66	724.66	724.66	724.66
69	724.66	724.66	724.66	724.66	724.66	724.66
70	724.66	724.66	724.66	724.66	724.66	724.66
71	724.66	724.66	724.66	724.66	724.66	724.66
72	724.66	724.66	724.66	724.66	724.66	724.66
73	724.66	724.66	724.66	724.66	724.66	724.66
74	724.66	724.66	724.66	724.66	724.66	724.66
75	724.66	724.66	724.66	724.66	724.66	724.66
76	724.66	724.66	724.66	724.66	724.66	724.66
77	724.66	724.66	724.66	724.66	724.66	724.66
78	724.66	724.66	724.66	724.66	724.66	724.66
79	724.66	724.66	724.66	724.66	724.66	724.66
80	724.66	724.66	724.66	724.66	724.66	724.66
81	724.66	724.66	724.66	724.66	724.66	724.66
82	724.66	724.66	724.66	724.66	724.66	724.66
83	724.66	724.66	724.66	724.66	724.66	724.66
84	724.66	724.66	724.66	724.66	724.66	724.66
85	724.66	724.66	724.66	724.66	724.66	724.66
86	724.66	724.66	724.66	724.66	724.66	724.66
87	724.66	724.66	724.66	724.66	724.66	724.66
88	724.66	724.66	724.66	724.66	724.66	724.66
89	724.66	724.66	724.66	724.66	724.66	724.66
90	724.66	724.66	724.66	724.66	724.66	724.66
91	724.66	724.66	724.66	724.66	724.66	724.66
92	724.66	724.66	724.66	724.66	724.66	724.66
93	724.66	724.66	724.66	724.66	724.66	724.66
94	724.66	724.66	724.66	724.66	724.66	724.66
95	724.66	724.66	724.66	724.66	724.66	724.66
96	724.66	724.66	724.66	724.66	724.66	724.66
97	724.66	724.66	724.66	724.66	724.66	724.66
98	724.66	724.66	724.66	724.66	724.66	724.66
99	724.66	724.66	724.66	724.66	724.66	724.66
100	724.66	724.66	724.66	724.66	724.66	724.66
101	724.66	724.66	724.66	724.66	724.66	724.66
102	724.66	724.66	724.66	724.66	724.66	724.66
103	724.66	724.66	724.66	724.66	724.66	724.66
104	724.66	724.66	724.66	724.66	724.66	724.66
105	724.66	724.66	724.66	724.66	724.66	724.66
106	724.66	724.66	724.66	724.66	724.66	724.66
107	724.66	724.66	724.66	724.66	724.66	724.66
108	724.66	724.66	724.66	724.66	724.66	724.66
109	724.66	724.66	724.66	724.66	724.66	724.66
110	724.66	724.66	724.66	724.66	724.66	724.66
111	724.66	724.66	724.66	724.66	724.66	724.66
112	724.66	724.66	724.66	724.66	724.66	724.66
113	724.66	724.66	724.66	724.66	724.66	724.66
114	724.66	724.66	724.66	724.66	724.66	724.66
115	724.66	724.66	724.66	724.66	724.66	724.66
116	724.66	724.66	724.66	724.66	724.66	724.66
117	724.66	724.66	724.66	724.66	724.66	724.66
118	724.66	724.66	724.66	724.66	724.66	724.66
119	724.66	724.66	724.66	724.66	724.66	724.66
120	724.66	724.66	724.66	724.66	724.66	724.66
121	724.66	724.66	724.66	724.66	724.66	724.66
122	724.66	724.66	724.66	724.66	724.66	724.66
123	724.66	724.66	724.66	724.66	724.66	724.66
124	724.66	724.66	724.66	724.66	724.66	724.66
125	724.66	724.66	724.66	724.66	724.66	724.66
126	724.66	724.66	724.66	724.66	724.66	724.66
127	724.66	724.66	724.66	724.66	724.66	724.66
128	724.66	724.66	724.66	724.66	724.66	724.66
129	724.66	724.66	724.66	724.66	724.66	724.66
130	724.66	724.66	724.66	724.66	724.66	724.66
