;OV Intertank Orifice Flow Mdot (lbm/s)
#I=0,130,1; Launch_Vehicle_Multi_Cavity_Launch_to_Seperation_Venting_Analysis_vent_g4c.vsm C:\0_afc_work\Launch_Vehicle_Multi_Cavity_Launch_to_Seperation_Venting_Analysis_using_VISSIM\VISSIM\0_tmp\Launch_Vehicle_Multi_Cavity_Launch_to_Seperation_Venting_Analysis_vent_g4c.vsm @ Mon Oct 29 08:29:54 2018
0	0	0.052055	0	4.9607	0	0
1	0	0.051828	0	4.9392	0	0
2	0	0.051602	0	4.9176	0	0
3	0	0.05137	0	4.8954	0	0
4	0	0.046815	0	4.4614	0	0
5	0	0.033612	0	3.2032	0	0
6	0	0.012615	0	1.2022	0	0
7	0	-0.001314	0	-0.12522	0	0
8	0	-0.0013142	0	-0.12524	0	0
9	0	-0.0013142	0	-0.12524	0	0
10	0	-0.0013142	0	-0.12524	0	0
11	0	-0.0013142	0	-0.12524	0	0
12	0	-0.0013142	0	-0.12524	0	0
13	0	-0.0013142	0	-0.12524	0	0
14	0	-0.0013142	0	-0.12524	0	0
15	0	-0.0013142	0	-0.12524	0	0
16	0	-0.0013142	0	-0.12524	0	0
17	0	-0.0013142	0	-0.12524	0	0
18	0	-0.0013141	0	-0.12524	0	0
19	0	-0.0013141	0	-0.12524	0	0
20	0	-0.0013141	0	-0.12524	0	0
21	0	-0.0034698	0	-0.33066	0	0
22	0	-0.0034826	0	-0.33188	0	0
23	0	-0.0034826	0	-0.33188	0	0
24	0	-0.0034824	0	-0.33187	0	0
25	0	-0.0034822	0	-0.33185	0	0
26	0	-0.003482	0	-0.33183	0	0
27	0	-0.0034819	0	-0.33182	0	0
28	0	-0.0034816	0	-0.3318	0	0
29	0	-0.0034814	0	-0.33178	0	0
30	0	-0.0034812	0	-0.33176	0	0
31	0	-0.003481	0	-0.33173	0	0
32	0	-0.0034807	0	-0.33171	0	0
33	0	-0.0034805	0	-0.33169	0	0
34	0	-0.0034802	0	-0.33166	0	0
35	0	-0.0034799	0	-0.33163	0	0
36	0	-0.0034796	0	-0.33161	0	0
37	0	-0.0034793	0	-0.33158	0	0
38	0	-0.003479	0	-0.33154	0	0
39	0	-0.0034787	0	-0.33151	0	0
40	0	-0.0034783	0	-0.33148	0	0
41	0	-0.0034779	0	-0.33144	0	0
42	0	-0.0034775	0	-0.3314	0	0
43	0	-0.0034771	0	-0.33136	0	0
44	0	-0.0034766	0	-0.33132	0	0
45	0	-0.0034761	0	-0.33127	0	0
46	0	-0.0034756	0	-0.33122	0	0
47	0	-0.003475	0	-0.33117	0	0
48	0	-0.0034745	0	-0.33111	0	0
49	0	-0.0034738	0	-0.33105	0	0
50	0	-0.0034732	0	-0.33099	0	0
51	0	-0.0034725	0	-0.33092	0	0
52	0	-0.0034717	0	-0.33085	0	0
53	0	-0.0034709	0	-0.33077	0	0
54	0	-0.0051225	0	-0.48817	0	0
55	0	-0.0053545	0	-0.51028	0	0
56	0	-0.0053972	0	-0.51435	0	0
57	0	-0.0038898	0	-0.3707	0	0
58	0	-0.0035919	0	-0.3423	0	0
59	0	-0.0035485	0	-0.33817	0	0
60	0	-0.003541	0	-0.33745	0	0
61	0	-0.0035381	0	-0.33718	0	0
62	0	-0.0035358	0	-0.33696	0	0
63	0	-0.0035334	0	-0.33673	0	0
64	0	-0.0035307	0	-0.33647	0	0
65	0	-0.0035278	0	-0.33619	0	0
66	0	-0.0035244	0	-0.33588	0	0
67	0	-0.0035208	0	-0.33552	0	0
68	0	-0.0035166	0	-0.33513	0	0
69	0	-0.0035119	0	-0.33468	0	0
70	0	-0.0035066	0	-0.33418	0	0
71	0	-0.0035006	0	-0.3336	0	0
72	0	-0.0034937	0	-0.33294	0	0
73	0	-0.0034857	0	-0.33218	0	0
74	0	-0.0034765	0	-0.33131	0	0
75	0	-0.0034658	0	-0.33028	0	0
76	0	-0.0026127	0	-0.24898	0	0
77	0	-0.0023161	0	-0.22072	0	0
78	0	-0.0022346	0	-0.21295	0	0
79	0	-0.0022116	0	-0.21076	0	0
80	0	-0.0022028	0	-0.20993	0	0
81	0	-0.0021972	0	-0.20939	0	0
82	0	-0.002192	0	-0.20889	0	0
83	0	-0.0021862	0	-0.20834	0	0
84	0	-0.0021796	0	-0.20772	0	0
85	0	-0.0021719	0	-0.20698	0	0
86	0	-0.0021628	0	-0.20611	0	0
87	0	-0.002152	0	-0.20508	0	0
88	0	-0.0014171	0	-0.13505	0	0
89	0	-0.0011013	0	-0.10496	0	0
90	0	-0.0010159	0	-0.096811	0	0
91	0	-0.00099674	0	-0.094988	0	0
92	0	-0.00099186	0	-0.094523	0	0
93	0	-0.00098985	0	-0.094331	0	0
94	0	-0.00098832	0	-0.094186	0	0
95	0	-0.00098677	0	-0.094037	0	0
96	0	-0.00098503	0	-0.093872	0	0
97	0	-0.00098306	0	-0.093684	0	0
98	0	-0.00098079	0	-0.093468	0	0
99	0	-0.00097816	0	-0.093218	0	0
100	0	-0.00097509	0	-0.092925	0	0
101	0	-0.00097149	0	-0.092581	0	0
102	0	-0.00096721	0	-0.092174	0	0
103	0	-0.00096209	0	-0.091686	0	0
104	0	-0.00095591	0	-0.091097	0	0
105	0	-0.00094836	0	-0.090377	0	0
106	0	-0.00093902	0	-0.089487	0	0
107	0	-0.00092731	0	-0.088371	0	0
108	0	-0.00091237	0	-0.086948	0	0
109	0	-0.00089297	0	-0.085099	0	0
110	0	-0.00086718	0	-0.082641	0	0
111	0	-0.00063101	0	-0.060134	0	0
112	0	-0.00044301	0	-0.042218	0	0
113	0	-0.00031711	0	-0.03022	0	0
114	0	-0.00025359	0	-0.024167	0	0
115	0	-0.00022979	0	-0.021899	0	0
116	0	-0.00022206	0	-0.021162	0	0
117	0	-0.00021937	0	-0.020905	0	0
118	0	-0.00021811	0	-0.020786	0	0
119	0	-0.00021722	0	-0.020701	0	0
120	0	-0.00021636	0	-0.020618	0	0
121	0	-0.00021539	0	-0.020526	0	0
122	0	-0.00021426	0	-0.020418	0	0
123	0	-0.0002129	0	-0.020289	0	0
124	0	-0.00021124	0	-0.020131	0	0
125	0	-0.0002092	0	-0.019936	0	0
126	0	-0.00020664	0	-0.019692	0	0
127	0	-0.00020338	0	-0.019382	0	0
128	0	-0.00019915	0	-0.018979	0	0
129	0	-0.00019354	0	-0.018444	0	0
130	0	-0.00018589	0	-0.017715	0	0
