;OV Payload Plenum: Mass(lbm),Temperature(R),Pressure(psia)
#I=0,130,1; Launch_Vehicle_Multi_Cavity_Launch_to_Seperation_Venting_Analysis_vent_g4c.vsm C:\0_afc_work\Launch_Vehicle_Multi_Cavity_Launch_to_Seperation_Venting_Analysis_using_VISSIM\VISSIM\0_tmp\Launch_Vehicle_Multi_Cavity_Launch_to_Seperation_Venting_Analysis_vent_g4c.vsm @ Mon Oct 29 08:29:54 2018
0	124.26	515	11.62
1	123.59	515	11.558
2	122.92	515	11.495
3	122.25	515	11.432
4	121.58	515	11.369
5	120.9	515	11.306
6	120.23	515	11.243
7	119.56	515	11.181
8	118.89	515	11.118
9	118.21	515	11.055
10	117.54	515	10.992
11	116.87	515	10.929
12	116.2	515	10.866
13	115.52	515	10.803
14	114.85	515	10.74
15	114.18	515	10.677
16	113.51	515	10.614
17	112.83	515	10.552
18	112.16	515	10.489
19	111.49	515	10.426
20	110.81	515	10.363
21	108.94	515	10.188
22	107.01	515	10.007
23	105.07	515	9.8257
24	103.13	515	9.6443
25	101.19	515	9.4629
26	99.251	515	9.2815
27	97.311	515	9.1
28	95.371	515	8.9187
29	93.432	515	8.7373
30	91.492	515	8.5559
31	89.553	515	8.3745
32	87.614	515	8.1932
33	85.674	515	8.0118
34	83.735	515	7.8305
35	81.796	515	7.6492
36	79.858	515	7.4679
37	77.919	515	7.2866
38	75.981	515	7.1053
39	74.042	515	6.9241
40	72.104	515	6.7428
41	70.167	515	6.5616
42	68.229	515	6.3804
43	66.291	515	6.1992
44	64.354	515	6.0181
45	62.417	515	5.837
46	60.481	515	5.6558
47	58.544	515	5.4748
48	56.608	515	5.2937
49	54.673	515	5.1127
50	52.738	515	4.9318
51	50.803	515	4.7509
52	48.869	515	4.57
53	46.936	515	4.3892
54	43.258	515	4.0453
55	38.892	515	3.6369
56	34.489	515	3.2252
57	31.883	515	2.9815
58	30.48	515	2.8503
59	29.09	515	2.7203
60	27.7	515	2.5904
61	26.312	515	2.4605
62	24.925	515	2.3308
63	23.539	515	2.2012
64	22.154	515	2.0718
65	20.772	515	1.9425
66	19.391	515	1.8134
67	18.014	515	1.6846
68	16.639	515	1.556
69	15.269	515	1.4279
70	13.904	515	1.3002
71	12.545	515	1.1732
72	11.195	515	1.0469
73	9.8572	515	0.92179
74	8.5352	515	0.79817
75	7.2364	515	0.67672
76	6.3888	515	0.59745
77	6.0298	515	0.56387
78	5.6987	515	0.53291
79	5.368	515	0.50199
80	5.0378	515	0.47111
81	4.7081	515	0.44028
82	4.3791	515	0.40951
83	4.0509	515	0.37882
84	3.7237	515	0.34822
85	3.3977	515	0.31774
86	3.0733	515	0.2874
87	2.751	515	0.25726
88	2.5855	515	0.24178
89	2.4808	515	0.23199
90	2.3762	515	0.22221
91	2.2716	515	0.21243
92	2.1671	515	0.20265
93	2.0626	515	0.19289
94	1.9583	515	0.18313
95	1.854	515	0.17338
96	1.7499	515	0.16364
97	1.6459	515	0.15391
98	1.542	515	0.1442
99	1.4383	515	0.13451
100	1.3349	515	0.12484
101	1.2318	515	0.11519
102	1.129	515	0.10558
103	1.0267	515	0.096008
104	0.9249	515	0.086492
105	0.82389	515	0.077046
106	0.72389	515	0.067695
107	0.6253	515	0.058475
108	0.52871	515	0.049442
109	0.43515	515	0.040693
110	0.34619	515	0.032374
111	0.28169	515	0.026342
112	0.25671	515	0.024007
113	0.24464	515	0.022878
114	0.23258	515	0.02175
115	0.22053	515	0.020623
116	0.20849	515	0.019497
117	0.19647	515	0.018373
118	0.18447	515	0.017251
119	0.17249	515	0.01613
120	0.16054	515	0.015013
121	0.14862	515	0.013898
122	0.13674	515	0.012787
123	0.12491	515	0.011681
124	0.11314	515	0.010581
125	0.10147	515	0.0094888
126	0.089905	515	0.0084075
127	0.078498	515	0.0073408
128	0.06731	515	0.0062945
129	0.05644	515	0.0052779
130	0.046057	515	0.004307
