;OV Payload Purge Ring Plenum: Mass(lbm),Temperature(R),Pressure(psia)
#I=0,130,1; Launch_Vehicle_Multi_Cavity_Launch_to_Seperation_Venting_Analysis_vent_g4c.vsm C:\0_afc_work\Launch_Vehicle_Multi_Cavity_Launch_to_Seperation_Venting_Analysis_using_VISSIM\VISSIM\0_tmp\Launch_Vehicle_Multi_Cavity_Launch_to_Seperation_Venting_Analysis_vent_g4c.vsm @ Mon Oct 29 08:29:54 2018
0	0.060911	515	11.62
1	0.03786	750.54	9.6481
2	0.037921	743.84	9.6026
3	0.037983	737.13	9.5571
4	0.038048	730.41	9.5116
5	0.038114	723.7	9.466
6	0.038194	716.7	9.4208
7	0.038278	709.69	9.3756
8	0.038363	702.67	9.3304
9	0.038451	695.65	9.2851
10	0.038542	688.62	9.2399
11	0.038412	686.58	9.1892
12	0.038265	684.89	9.1381
13	0.038118	683.21	9.087
14	0.03797	681.53	9.0359
15	0.037822	679.84	8.9848
16	0.037639	678.94	8.9328
17	0.037453	678.1	8.8807
18	0.037266	677.26	8.8287
19	0.03708	676.42	8.7766
20	0.036892	675.58	8.7245
21	0.036286	674.75	8.5736
22	0.035675	673.91	8.4216
23	0.035062	673.06	8.2696
24	0.034449	672.22	8.1176
25	0.033834	671.37	7.9655
26	0.033213	670.64	7.8133
27	0.032591	669.92	7.6611
28	0.031968	669.2	7.5088
29	0.031344	668.48	7.3565
30	0.030718	667.76	7.2042
31	0.030087	667.19	7.0517
32	0.029454	666.62	6.8992
33	0.02882	666.06	6.7467
34	0.028186	665.49	6.5941
35	0.02755	664.93	6.4416
36	0.026913	664.41	6.289
37	0.026274	663.9	6.1363
38	0.025634	663.39	5.9836
39	0.024994	662.88	5.831
40	0.024353	662.37	5.6783
41	0.023689	662.63	5.525
42	0.023024	662.95	5.3718
43	0.022359	663.28	5.2185
44	0.021695	663.6	5.0652
45	0.021031	663.92	4.912
46	0.020367	664.3	4.7588
47	0.019703	664.67	4.6055
48	0.01904	665.05	4.4523
49	0.018377	665.43	4.2991
50	0.017715	665.81	4.1459
51	0.01702	667.82	3.9919
52	0.016326	669.95	3.8379
53	0.015636	672.09	3.6841
54	0.01409	674.34	3.3278
55	0.012546	676.47	2.9697
56	0.01101	678.61	2.612
57	0.010511	680.59	2.4989
58	0.010024	682.76	2.3886
59	0.0095399	684.94	2.2784
60	0.0090579	687.11	2.1682
61	0.0085672	690.41	2.0578
62	0.0080795	693.8	1.9474
63	0.0075957	697.18	1.8372
64	0.0071156	700.56	1.727
65	0.0066393	703.95	1.6169
66	0.0061665	707.33	1.5069
67	0.0056974	710.72	1.3971
68	0.0052319	714.1	1.2872
69	0.0047699	717.48	1.1775
70	0.0043115	720.86	1.0679
71	0.0038354	729.25	0.95783
72	0.0033667	737.99	0.84794
73	0.002907	746.68	0.73827
74	0.0024561	755.27	0.62882
75	0.0020137	763.46	0.51953
76	0.0018939	771.7	0.49238
77	0.0017789	780.29	0.46612
78	0.0016659	788.88	0.43992
79	0.0015549	797.46	0.41377
80	0.0014459	806.05	0.38768
81	0.001336	816.71	0.36155
82	0.0012282	827.51	0.33548
83	0.0011227	838.31	0.30948
84	0.0010194	849.1	0.28354
85	0.00091816	859.9	0.25766
86	0.00081979	869.54	0.23186
87	0.00072321	879.1	0.20612
88	0.0006887	888.45	0.19774
89	0.00065528	898	0.18956
90	0.00062242	907.55	0.18139
91	0.00058908	919.17	0.1732
92	0.00055636	930.92	0.16503
93	0.0005243	942.68	0.15689
94	0.00049287	954.42	0.14876
95	0.00046207	966.17	0.14065
96	0.00043293	974.79	0.13259
97	0.00040427	983.2	0.12455
98	0.000376	991.62	0.11652
99	0.0003481	1000	0.10851
100	0.00032057	1008.4	0.10051
101	0.00029333	1017.2	0.092514
102	0.00026644	1026	0.084533
103	0.00023992	1034.7	0.076566
104	0.00021374	1043.5	0.06861
105	0.00018792	1052.3	0.060668
106	0.00016323	1054.4	0.052767
107	0.00013866	1056	0.044873
108	0.00011415	1057.7	0.036983
109	8.9708e-005	1059.4	0.029095
110	6.5317e-005	1061.2	0.02121
111	6.2091e-005	1066	0.020224
112	5.9046e-005	1071.9	0.019306
113	5.6027e-005	1077.9	0.018389
114	5.3035e-005	1083.8	0.017473
115	5.0068e-005	1089.8	0.016557
116	4.7366e-005	1088.5	0.015652
117	4.4674e-005	1086.9	0.014746
118	4.1975e-005	1085.2	0.013841
119	3.927e-005	1083.5	0.012935
120	3.6559e-005	1081.8	0.012029
121	3.3833e-005	1080.4	0.011122
122	3.1101e-005	1079.1	0.010216
123	2.8364e-005	1077.8	0.0093088
124	2.5622e-005	1076.4	0.0084017
125	2.2874e-005	1075.1	0.0074943
126	2.0196e-005	1068.6	0.0065898
127	1.75e-005	1061.9	0.0056853
128	1.478e-005	1055.3	0.0047812
129	1.2032e-005	1050.3	0.0038796
130	9.2839e-006	1044.6	0.0029824
