;OV Payload Orifice Flow Temperatures (R)
#I=0,130,1; Launch_Vehicle_Multi_Cavity_Launch_to_Seperation_Venting_Analysis_vent_g4c.vsm C:\0_afc_work\Launch_Vehicle_Multi_Cavity_Launch_to_Seperation_Venting_Analysis_using_VISSIM\VISSIM\0_tmp\Launch_Vehicle_Multi_Cavity_Launch_to_Seperation_Venting_Analysis_vent_g4c.vsm @ Mon Oct 29 08:29:54 2018
0	568.14	597.4	563.89	559.71	568.14	568.14
1	515	515	515	515	515	515
2	515	515	515	559.53	515	515
3	515	515	515	559.43	515	515
4	515	515	515	559.34	515	515
5	515	515	541.55	559.25	515	515
6	515	515	536.17	558.92	515	515
7	515	515	530.79	558.58	515	515
8	515	515	525.4	558.25	515	515
9	515	515	520.02	557.91	515	515
10	515	515	514.64	557.58	515	515
11	515	525.56	513.44	557.11	515	515
12	515	523.73	512.24	556.65	515	515
13	515	521.89	511.05	556.18	515	515
14	515	520.06	509.85	555.72	515	515
15	515	518.22	508.65	555.25	515	515
16	515	517.22	508.06	554.78	515	515
17	515	516.22	507.47	554.32	515	515
18	515	515.22	506.89	553.85	515	515
19	515	514.22	506.3	553.39	515	515
20	515	513.22	505.71	552.92	515	515
21	515	515	515	552.46	515	515
22	515	515	504.49	552	515	515
23	515	515	503.88	551.54	515	515
24	515	515	503.27	551.08	515	515
25	515	515	502.66	550.62	515	515
26	515	515	502.13	550.16	515	515
27	515	515	501.61	549.7	515	515
28	515	515	501.08	549.25	515	515
29	515	515	500.56	548.79	515	515
30	515	515	500.03	548.33	515	515
31	515	515	499.61	547.88	515	515
32	515	515	499.2	547.43	515	515
33	515	515	498.78	546.99	515	515
34	515	515	498.37	546.54	515	515
35	515	515	497.95	546.09	515	515
36	515	515	497.57	545.65	515	515
37	515	515	497.19	545.22	515	515
38	515	515	496.8	544.78	515	515
39	515	515	496.42	544.35	515	515
40	515	515	496.04	543.91	515	515
41	515	515	496.29	543.5	515	515
42	515	515	496.54	543.09	515	515
43	515	515	496.8	542.67	515	515
44	515	515	497.05	542.26	515	515
45	515	515	497.3	541.85	515	515
46	515	515	497.59	541.48	515	515
47	515	515	497.89	541.11	515	515
48	515	515	498.18	540.73	515	515
49	515	515	498.48	540.36	515	515
50	515	515	498.77	539.99	515	515
51	515	515	500.39	539.69	515	515
52	515	515	502.01	539.38	515	515
53	515	515	503.63	539.08	515	515
54	515	515	505.25	538.77	515	515
55	515	515	506.87	538.47	515	515
56	515	515	508.53	538.26	515	515
57	515	515	510.18	538.05	515	515
58	515	515	511.84	537.85	515	515
59	515	515	513.49	537.64	515	515
60	515	515	515.15	537.43	515	515
61	515	515	517.74	537.33	515	515
62	515	515	520.33	537.24	515	515
63	515	515	522.91	537.14	515	515
64	515	515	525.5	537.05	515	515
65	515	515	528.09	536.95	515	515
66	515	515	530.68	536.98	515	515
67	515	515	533.28	537.01	515	515
68	515	515	535.87	537.04	515	515
69	515	515	538.47	537.07	515	515
70	515	515	541.06	537.1	515	515
71	515	515	547.79	537.35	515	515
72	515	515	554.52	537.6	515	515
73	515	515	561.25	537.84	515	515
74	515	515	567.98	538.09	515	515
75	515	515	574.71	538.34	515	515
76	515	515	581.32	538.91	515	515
77	515	515	587.93	539.48	515	515
78	515	515	594.53	540.05	515	515
79	515	515	601.14	540.62	515	515
80	515	515	607.75	541.19	515	515
81	515	515	616.07	542.11	515	515
82	515	515	624.39	543.03	515	515
83	515	515	632.7	543.96	515	515
84	515	515	641.02	544.88	515	515
85	515	515	649.34	545.8	515	515
86	515	515	656.7	547.1	515	515
87	515	515	664.07	548.4	515	515
88	515	515	671.43	549.69	515	515
89	515	515	678.8	550.99	515	515
90	515	515	686.16	552.29	515	515
91	515	515	695.23	553.98	515	515
92	515	515	704.3	555.66	515	515
93	515	515	713.36	557.35	515	515
94	515	515	722.43	559.03	515	515
95	515	515	731.5	560.72	515	515
96	515	515	737.98	562.77	515	515
97	515	515	744.46	564.82	515	515
98	515	515	750.94	566.87	515	515
99	515	515	757.42	568.92	515	515
100	515	515	763.9	570.97	515	515
101	515	515	770.67	573.29	515	515
102	515	515	777.44	575.61	515	515
103	515	515	784.22	577.93	515	515
104	515	515	790.99	580.25	515	515
105	515	515	797.76	582.57	515	515
106	515	515	798.94	584.99	515	515
107	515	515	800.12	587.41	515	515
108	515	515	801.3	589.82	515	515
109	515	515	802.48	592.24	515	515
110	515	515	803.66	594.66	515	515
111	515	515	808.26	597.06	515	515
112	515	515	812.85	599.46	515	515
113	515	515	817.45	601.86	515	515
114	515	515	822.04	604.26	515	515
115	515	515	826.64	606.66	515	515
116	515	515	825.29	609	515	515
117	515	515	823.94	611.34	515	515
118	515	515	822.58	613.67	515	515
119	515	515	821.23	616.01	515	515
120	515	515	819.88	618.35	515	515
121	515	515	818.82	620.39	515	515
122	515	515	817.75	622.43	515	515
123	515	515	816.69	624.48	515	515
124	515	515	815.62	626.52	515	515
125	515	515	814.56	628.56	515	515
126	515	515	809.23	630.24	515	515
127	515	515	803.89	631.93	515	515
128	515	515	798.56	633.61	515	515
129	515	515	793.22	635.3	515	515
130	515	515	787.89	636.98	515	515
