;OV Right System Tunnel Orifice Flow Mdot (lbm/s)
#I=0,130,1; Launch_Vehicle_Multi_Cavity_Launch_to_Seperation_Venting_Analysis_vent_g4c.vsm C:\0_afc_work\Launch_Vehicle_Multi_Cavity_Launch_to_Seperation_Venting_Analysis_using_VISSIM\VISSIM\0_tmp\Launch_Vehicle_Multi_Cavity_Launch_to_Seperation_Venting_Analysis_vent_g4c.vsm @ Mon Oct 29 08:29:54 2018
0	0	0	0	0	0	0	0
1	0	0	7.1934	0.0091269	0	0	0
2	0	0	7.1667	0.009093	0	0	0
3	0	0	7.1395	0.0090585	0	0	0
4	0	0	7.1123	0.009024	0	0	0
5	0	0	7.0849	0.0089893	0	0	0
6	0	0	7.0587	0.008956	0	0	0
7	0	0	7.0322	0.0089223	0	0	0
8	0	0	7.0056	0.0088886	0	0	0
9	0	0	6.9789	0.0088548	0	0	0
10	0	0	6.9522	0.0088208	0	0	0
11	0	0	6.9128	0.0087708	0	0	0
12	0	0	6.876	0.0087242	0	0	0
13	0	0	6.8391	0.0086774	0	0	0
14	0	0	6.8023	0.0086307	0	0	0
15	0	0	6.7654	0.0085839	0	0	0
16	0	0	6.7266	0.0085346	0	0	0
17	0	0	6.6881	0.0084858	0	0	0
18	0	0	6.6497	0.0084371	0	0	0
19	0	0	6.6112	0.0083883	0	0	0
20	0	0	6.5728	0.0083394	0	0	0
21	0	0	6.4539	0.0081886	0	0	0
22	0	0	6.3401	0.0080442	0	0	0
23	0	0	6.2263	0.0078998	0	0	0
24	0	0	6.1124	0.0077553	0	0	0
25	0	0	5.9985	0.0076108	0	0	0
26	0	0	5.8842	0.0074658	0	0	0
27	0	0	5.77	0.0073209	0	0	0
28	0	0	5.6557	0.007176	0	0	0
29	0	0	5.5414	0.0070309	0	0	0
30	0	0	5.4271	0.0068858	0	0	0
31	0	0	5.3124	0.0067404	0	0	0
32	0	0	5.1978	0.0065949	0	0	0
33	0	0	5.0831	0.0064494	0	0	0
34	0	0	4.9684	0.0063039	0	0	0
35	0	0	4.8537	0.0061583	0	0	0
36	0	0	4.7388	0.0060126	0	0	0
37	0	0	4.6239	0.0058668	0	0	0
38	0	0	4.509	0.005721	0	0	0
39	0	0	4.3941	0.0055752	0	0	0
40	0	0	4.2791	0.0054293	0	0	0
41	0	0	4.1629	0.0052819	0	0	0
42	0	0	4.047	0.0051348	0	0	0
43	0	0	3.9312	0.0049878	0	0	0
44	0	0	3.8153	0.0048408	0	0	0
45	0	0	3.6995	0.0046938	0	0	0
46	0	0	3.5836	0.0045468	0	0	0
47	0	0	3.4677	0.0043998	0	0	0
48	0	0	3.3519	0.0042529	0	0	0
49	0	0	3.2361	0.0041059	0	0	0
50	0	0	3.1203	0.0039591	0	0	0
51	0	0	3.0028	0.0038099	0	0	0
52	0	0	2.8858	0.0036615	0	0	0
53	0	0	2.7689	0.0035132	0	0	0
54	0	0	2.4891	0.0031581	0	0	0
55	0	0	2.2201	0.0028168	0	0	0
56	0	0	1.9514	0.0024759	0	0	0
57	0	0	1.8803	0.0023857	0	0	0
58	0	0	1.7965	0.0022794	0	0	0
59	0	0	1.7128	0.0021732	0	0	0
60	0	0	1.6292	0.0020672	0	0	0
61	0	0	1.5451	0.0019604	0	0	0
62	0	0	1.4613	0.0018541	0	0	0
63	0	0	1.3776	0.0017479	0	0	0
64	0	0	1.2941	0.0016419	0	0	0
65	0	0	1.2107	0.0015362	0	0	0
66	0	0	1.1275	0.0014306	0	0	0
67	0	0	1.0444	0.0013252	0	0	0
68	0	0	0.9615	0.0012199	0	0	0
69	0	0	0.87872	0.0011149	0	0	0
70	0	0	0.79609	0.0010101	0	0	0
71	0	0	0.71238	0.00090387	0	0	0
72	0	0	0.62935	0.00079851	0	0	0
73	0	0	0.54669	0.00069363	0	0	0
74	0	0	0.46439	0.00058922	0	0	0
75	0	0	0.38246	0.00048526	0	0	0
76	0	0	0.36625	0.0004647	0	0	0
77	0	0	0.34625	0.00043932	0	0	0
78	0	0	0.32634	0.00041406	0	0	0
79	0	0	0.30651	0.0003889	0	0	0
80	0	0	0.28677	0.00036386	0	0	0
81	0	0	0.26694	0.0003387	0	0	0
82	0	0	0.24726	0.00031372	0	0	0
83	0	0	0.22767	0.00028887	0	0	0
84	0	0	0.20819	0.00026416	0	0	0
85	0	0	0.18882	0.00023957	0	0	0
86	0	0	0.1696	0.00021519	0	0	0
87	0	0	0.15046	0.00019091	0	0	0
88	0	0	0.14495	0.00018391	0	0	0
89	0	0	0.13875	0.00017605	0	0	0
90	0	0	0.13259	0.00016822	0	0	0
91	0	0	0.12637	0.00016034	0	0	0
92	0	0	0.1202	0.00015251	0	0	0
93	0	0	0.11407	0.00014473	0	0	0
94	0	0	0.10797	0.00013699	0	0	0
95	0	0	0.1019	0.00012929	0	0	0
96	0	0	0.095948	0.00012174	0	0	0
97	0	0	0.090009	0.0001142	0	0	0
98	0	0	0.084092	0.0001067	0	0	0
99	0	0	0.078199	9.9218e-005	0	0	0
100	0	0	0.072327	9.1768e-005	0	0	0
101	0	0	0.066472	8.4339e-005	0	0	0
102	0	0	0.060641	7.6941e-005	0	0	0
103	0	0	0.054833	6.9572e-005	0	0	0
104	0	0	0.049048	6.2231e-005	0	0	0
105	0	0	0.043285	5.4919e-005	0	0	0
106	0	0	0.03761	4.7719e-005	0	0	0
107	0	0	0.031929	4.0511e-005	0	0	0
108	0	0	0.026252	3.3308e-005	0	0	0
109	0	0	0.020579	2.611e-005	0	0	0
110	0	0	0.014908	1.8915e-005	0	0	0
111	0	0	0.014477	1.8368e-005	0	0	0
112	0	0	0.013807	1.7518e-005	0	0	0
113	0	0	0.013139	1.667e-005	0	0	0
114	0	0	0.012472	1.5824e-005	0	0	0
115	0	0	0.011807	1.4981e-005	0	0	0
116	0	0	0.011165	1.4166e-005	0	0	0
117	0	0	0.010519	1.3347e-005	0	0	0
118	0	0	0.0098735	1.2527e-005	0	0	0
119	0	0	0.0092271	1.1707e-005	0	0	0
120	0	0	0.0085803	1.0887e-005	0	0	0
121	0	0	0.0079322	1.0064e-005	0	0	0
122	0	0	0.0072839	9.2418e-006	0	0	0
123	0	0	0.0066352	8.4187e-006	0	0	0
124	0	0	0.0059861	7.5951e-006	0	0	0
125	0	0	0.0053367	6.7711e-006	0	0	0
126	0	0	0.004693	5.9545e-006	0	0	0
127	0	0	0.0040466	5.1343e-006	0	0	0
128	0	0	0.0033983	4.3117e-006	0	0	0
129	0	0	0.0027479	3.4865e-006	0	0	0
130	0	0	0.0020955	2.6588e-006	0	0	0
